kotlin version: 2.1.0
error message: org.jetbrains.kotlin.backend.common.BackendException: Backend Internal error: Exception during IR lowering
File being compiled: /Users/himanshugaur/AndroidStudioProjects/ImageSearchApp/shared/src/commonMain/kotlin/gaur/himanshu/youtube/imagesearchapp/utils/PagingHelper.kt
The root cause java.lang.RuntimeException was thrown at: org.jetbrains.kotlin.backend.jvm.codegen.FunctionCodegen.generate(FunctionCodegen.kt:48)
	at org.jetbrains.kotlin.backend.common.CodegenUtil.reportBackendException(CodegenUtil.kt:253)
	at org.jetbrains.kotlin.backend.common.CodegenUtil.reportBackendException$default(CodegenUtil.kt:236)
	at org.jetbrains.kotlin.backend.common.phaser.PerformByIrFilePhase.invokeSequential(performByIrFile.kt:55)
	at org.jetbrains.kotlin.backend.common.phaser.PerformByIrFilePhase.invoke(performByIrFile.kt:42)
	at org.jetbrains.kotlin.backend.common.phaser.PerformByIrFilePhase.invoke(performByIrFile.kt:28)
	at org.jetbrains.kotlin.backend.common.phaser.NamedCompilerPhase.phaseBody(CompilerPhase.kt:166)
	at org.jetbrains.kotlin.backend.common.phaser.AbstractNamedCompilerPhase.invoke(CompilerPhase.kt:113)
	at org.jetbrains.kotlin.backend.common.phaser.CompositePhase.invoke(PhaseBuilders.kt:27)
	at org.jetbrains.kotlin.backend.common.phaser.CompositePhase.invoke(PhaseBuilders.kt:14)
	at org.jetbrains.kotlin.backend.common.phaser.NamedCompilerPhase.phaseBody(CompilerPhase.kt:166)
	at org.jetbrains.kotlin.backend.common.phaser.AbstractNamedCompilerPhase.invoke(CompilerPhase.kt:113)
	at org.jetbrains.kotlin.backend.common.phaser.CompilerPhaseKt.invokeToplevel(CompilerPhase.kt:62)
	at org.jetbrains.kotlin.backend.jvm.JvmIrCodegenFactory.invokeCodegen(JvmIrCodegenFactory.kt:371)
	at org.jetbrains.kotlin.codegen.CodegenFactory.generateModule(CodegenFactory.kt:47)
	at org.jetbrains.kotlin.backend.jvm.JvmIrCodegenFactory.generateModuleInFrontendIRMode(JvmIrCodegenFactory.kt:433)
	at org.jetbrains.kotlin.cli.jvm.compiler.pipeline.JvmCompilerPipelineKt.generateCodeFromIr(jvmCompilerPipeline.kt:192)
	at org.jetbrains.kotlin.cli.jvm.compiler.pipeline.JvmCompilerPipelineKt.runBackend(jvmCompilerPipeline.kt:80)
	at org.jetbrains.kotlin.cli.jvm.compiler.pipeline.JvmCompilerPipelineLightTreeKt.compileModule(jvmCompilerPipelineLightTree.kt:264)
	at org.jetbrains.kotlin.cli.jvm.compiler.pipeline.JvmCompilerPipelineLightTreeKt.compileSingleModuleUsingFrontendIrAndLightTree(jvmCompilerPipelineLightTree.kt:231)
	at org.jetbrains.kotlin.cli.jvm.compiler.pipeline.JvmCompilerPipelineLightTreeKt.compileModulesUsingFrontendIrAndLightTree(jvmCompilerPipelineLightTree.kt:86)
	at org.jetbrains.kotlin.cli.jvm.K2JVMCompiler.doExecute(K2JVMCompiler.kt:146)
	at org.jetbrains.kotlin.cli.jvm.K2JVMCompiler.doExecute(K2JVMCompiler.kt:43)
	at org.jetbrains.kotlin.cli.common.CLICompiler.execImpl(CLICompiler.kt:102)
	at org.jetbrains.kotlin.cli.common.CLICompiler.exec(CLICompiler.kt:316)
	at org.jetbrains.kotlin.incremental.IncrementalJvmCompilerRunner.runCompiler(IncrementalJvmCompilerRunner.kt:464)
	at org.jetbrains.kotlin.incremental.IncrementalJvmCompilerRunner.runCompiler(IncrementalJvmCompilerRunner.kt:73)
	at org.jetbrains.kotlin.incremental.IncrementalCompilerRunner.doCompile(IncrementalCompilerRunner.kt:506)
	at org.jetbrains.kotlin.incremental.IncrementalCompilerRunner.compileImpl(IncrementalCompilerRunner.kt:423)
	at org.jetbrains.kotlin.incremental.IncrementalCompilerRunner.compileNonIncrementally(IncrementalCompilerRunner.kt:301)
	at org.jetbrains.kotlin.incremental.IncrementalCompilerRunner.compile(IncrementalCompilerRunner.kt:129)
	at org.jetbrains.kotlin.daemon.CompileServiceImplBase.execIncrementalCompiler(CompileServiceImpl.kt:674)
	at org.jetbrains.kotlin.daemon.CompileServiceImplBase.access$execIncrementalCompiler(CompileServiceImpl.kt:91)
	at org.jetbrains.kotlin.daemon.CompileServiceImpl.compile(CompileServiceImpl.kt:1659)
	at java.base/jdk.internal.reflect.DirectMethodHandleAccessor.invoke(Unknown Source)
	at java.base/java.lang.reflect.Method.invoke(Unknown Source)
	at java.rmi/sun.rmi.server.UnicastServerRef.dispatch(Unknown Source)
	at java.rmi/sun.rmi.transport.Transport$1.run(Unknown Source)
	at java.rmi/sun.rmi.transport.Transport$1.run(Unknown Source)
	at java.base/java.security.AccessController.doPrivileged(Unknown Source)
	at java.rmi/sun.rmi.transport.Transport.serviceCall(Unknown Source)
	at java.rmi/sun.rmi.transport.tcp.TCPTransport.handleMessages(Unknown Source)
	at java.rmi/sun.rmi.transport.tcp.TCPTransport$ConnectionHandler.run0(Unknown Source)
	at java.rmi/sun.rmi.transport.tcp.TCPTransport$ConnectionHandler.lambda$run$0(Unknown Source)
	at java.base/java.security.AccessController.doPrivileged(Unknown Source)
	at java.rmi/sun.rmi.transport.tcp.TCPTransport$ConnectionHandler.run(Unknown Source)
	at java.base/java.util.concurrent.ThreadPoolExecutor.runWorker(Unknown Source)
	at java.base/java.util.concurrent.ThreadPoolExecutor$Worker.run(Unknown Source)
	at java.base/java.lang.Thread.run(Unknown Source)
Caused by: java.lang.RuntimeException: Exception while generating code for:
FUN name:collectAsLazyPagingItems visibility:public modality:FINAL <T> ($receiver:kotlinx.coroutines.flow.Flow<androidx.paging.PagingData<T of gaur.himanshu.youtube.imagesearchapp.utils.PagingHelperKt.collectAsLazyPagingItems>>, context:kotlin.coroutines.CoroutineContext) returnType:gaur.himanshu.youtube.imagesearchapp.utils.LazyPagingItems<T of gaur.himanshu.youtube.imagesearchapp.utils.PagingHelperKt.collectAsLazyPagingItems>
  annotations:
    Composable
  TYPE_PARAMETER name:T index:0 variance: superTypes:[kotlin.Any] reified:false
  $receiver: VALUE_PARAMETER name:<this> type:kotlinx.coroutines.flow.Flow<androidx.paging.PagingData<T of gaur.himanshu.youtube.imagesearchapp.utils.PagingHelperKt.collectAsLazyPagingItems>>
  VALUE_PARAMETER name:context index:0 type:kotlin.coroutines.CoroutineContext
    EXPRESSION_BODY
      ERROR_EXPR 'Default Stub' type=kotlin.coroutines.CoroutineContext
  BLOCK_BODY
    VAR name:lazyPagingItems type:gaur.himanshu.youtube.imagesearchapp.utils.LazyPagingItems<T of gaur.himanshu.youtube.imagesearchapp.utils.PagingHelperKt.collectAsLazyPagingItems> [val]
      CALL 'public final fun remember <T> (key1: kotlin.Any?, calculation: @[DisallowComposableCalls] kotlin.Function0<T of androidx.compose.runtime.ComposablesKt.remember>): T of androidx.compose.runtime.ComposablesKt.remember [inline] declared in androidx.compose.runtime.ComposablesKt' type=gaur.himanshu.youtube.imagesearchapp.utils.LazyPagingItems<T of gaur.himanshu.youtube.imagesearchapp.utils.PagingHelperKt.collectAsLazyPagingItems> origin=null
        <T>: gaur.himanshu.youtube.imagesearchapp.utils.LazyPagingItems<T of gaur.himanshu.youtube.imagesearchapp.utils.PagingHelperKt.collectAsLazyPagingItems>
        key1: GET_VAR '<this>: kotlinx.coroutines.flow.Flow<androidx.paging.PagingData<T of gaur.himanshu.youtube.imagesearchapp.utils.PagingHelperKt.collectAsLazyPagingItems>> declared in gaur.himanshu.youtube.imagesearchapp.utils.PagingHelperKt.collectAsLazyPagingItems' type=kotlinx.coroutines.flow.Flow<androidx.paging.PagingData<T of gaur.himanshu.youtube.imagesearchapp.utils.PagingHelperKt.collectAsLazyPagingItems>> origin=null
        calculation: BLOCK type=kotlin.Function0<gaur.himanshu.youtube.imagesearchapp.utils.LazyPagingItems<T of gaur.himanshu.youtube.imagesearchapp.utils.PagingHelperKt.collectAsLazyPagingItems>> origin=LAMBDA
          COMPOSITE type=kotlin.Unit origin=null
          FUNCTION_REFERENCE 'private final fun collectAsLazyPagingItems$lambda$0 <T> ($this_collectAsLazyPagingItems: kotlinx.coroutines.flow.Flow<androidx.paging.PagingData<T of gaur.himanshu.youtube.imagesearchapp.utils.PagingHelperKt.collectAsLazyPagingItems$lambda$0>>): gaur.himanshu.youtube.imagesearchapp.utils.LazyPagingItems<T of gaur.himanshu.youtube.imagesearchapp.utils.PagingHelperKt.collectAsLazyPagingItems$lambda$0> declared in gaur.himanshu.youtube.imagesearchapp.utils.PagingHelperKt' type=kotlin.Function0<gaur.himanshu.youtube.imagesearchapp.utils.LazyPagingItems<T of gaur.himanshu.youtube.imagesearchapp.utils.PagingHelperKt.collectAsLazyPagingItems>> origin=INLINE_LAMBDA reflectionTarget=null
            <T>: T of gaur.himanshu.youtube.imagesearchapp.utils.PagingHelperKt.collectAsLazyPagingItems
            $this_collectAsLazyPagingItems: GET_VAR '<this>: kotlinx.coroutines.flow.Flow<androidx.paging.PagingData<T of gaur.himanshu.youtube.imagesearchapp.utils.PagingHelperKt.collectAsLazyPagingItems>> declared in gaur.himanshu.youtube.imagesearchapp.utils.PagingHelperKt.collectAsLazyPagingItems' type=kotlinx.coroutines.flow.Flow<androidx.paging.PagingData<T of gaur.himanshu.youtube.imagesearchapp.utils.PagingHelperKt.collectAsLazyPagingItems>> origin=null
    CALL 'public final fun LaunchedEffect (key1: kotlin.Any?, block: @[ExtensionFunctionType] kotlin.coroutines.SuspendFunction1<kotlinx.coroutines.CoroutineScope, kotlin.Unit>): kotlin.Unit declared in androidx.compose.runtime.EffectsKt' type=kotlin.Unit origin=null
      key1: GET_VAR 'val lazyPagingItems: gaur.himanshu.youtube.imagesearchapp.utils.LazyPagingItems<T of gaur.himanshu.youtube.imagesearchapp.utils.PagingHelperKt.collectAsLazyPagingItems> [val] declared in gaur.himanshu.youtube.imagesearchapp.utils.PagingHelperKt.collectAsLazyPagingItems' type=gaur.himanshu.youtube.imagesearchapp.utils.LazyPagingItems<T of gaur.himanshu.youtube.imagesearchapp.utils.PagingHelperKt.collectAsLazyPagingItems> origin=null
      block: BLOCK type=gaur.himanshu.youtube.imagesearchapp.utils.PagingHelperKt.collectAsLazyPagingItems.<no name provided> origin=null
        CLASS SUSPEND_LAMBDA CLASS name:<no name provided> modality:FINAL visibility:public/*package*/ superTypes:[kotlin.coroutines.jvm.internal.SuspendLambda; kotlin.jvm.functions.Function2<kotlinx.coroutines.CoroutineScope, kotlin.coroutines.Continuation<kotlin.Unit>?, kotlin.Any?>]
          $this: VALUE_PARAMETER INSTANCE_RECEIVER name:<this> type:gaur.himanshu.youtube.imagesearchapp.utils.PagingHelperKt.collectAsLazyPagingItems.<no name provided>
          FIELD name:label type:kotlin.Int visibility:public/*package*/
          CONSTRUCTOR SUSPEND_LAMBDA visibility:public/*package*/ <> ($context:kotlin.coroutines.CoroutineContext, $lazyPagingItems:gaur.himanshu.youtube.imagesearchapp.utils.LazyPagingItems<T of gaur.himanshu.youtube.imagesearchapp.utils.PagingHelperKt.collectAsLazyPagingItems>, $completion:kotlin.coroutines.Continuation<gaur.himanshu.youtube.imagesearchapp.utils.PagingHelperKt.collectAsLazyPagingItems.<no name provided>>?) returnType:gaur.himanshu.youtube.imagesearchapp.utils.PagingHelperKt.collectAsLazyPagingItems.<no name provided> [primary]
            VALUE_PARAMETER BOUND_VALUE_PARAMETER name:$context index:0 type:kotlin.coroutines.CoroutineContext
            VALUE_PARAMETER BOUND_VALUE_PARAMETER name:$lazyPagingItems index:1 type:gaur.himanshu.youtube.imagesearchapp.utils.LazyPagingItems<T of gaur.himanshu.youtube.imagesearchapp.utils.PagingHelperKt.collectAsLazyPagingItems>
            VALUE_PARAMETER name:$completion index:2 type:kotlin.coroutines.Continuation<gaur.himanshu.youtube.imagesearchapp.utils.PagingHelperKt.collectAsLazyPagingItems.<no name provided>>?
            BLOCK_BODY
              SET_FIELD 'FIELD FIELD_FOR_CAPTURED_VALUE name:$context type:kotlin.coroutines.CoroutineContext visibility:public/*package*/ [final] declared in gaur.himanshu.youtube.imagesearchapp.utils.PagingHelperKt.collectAsLazyPagingItems.<no name provided>' type=kotlin.Unit origin=INITIALIZER_OF_FIELD_FOR_CAPTURED_VALUE
                receiver: GET_VAR '<this>: gaur.himanshu.youtube.imagesearchapp.utils.PagingHelperKt.collectAsLazyPagingItems.<no name provided> declared in gaur.himanshu.youtube.imagesearchapp.utils.PagingHelperKt.collectAsLazyPagingItems.<no name provided>' type=gaur.himanshu.youtube.imagesearchapp.utils.PagingHelperKt.collectAsLazyPagingItems.<no name provided> origin=null
                value: GET_VAR '$context: kotlin.coroutines.CoroutineContext declared in gaur.himanshu.youtube.imagesearchapp.utils.PagingHelperKt.collectAsLazyPagingItems.<no name provided>.<init>' type=kotlin.coroutines.CoroutineContext origin=null
              SET_FIELD 'FIELD FIELD_FOR_CAPTURED_VALUE name:$lazyPagingItems type:gaur.himanshu.youtube.imagesearchapp.utils.LazyPagingItems<T of gaur.himanshu.youtube.imagesearchapp.utils.PagingHelperKt.collectAsLazyPagingItems> visibility:public/*package*/ [final] declared in gaur.himanshu.youtube.imagesearchapp.utils.PagingHelperKt.collectAsLazyPagingItems.<no name provided>' type=kotlin.Unit origin=INITIALIZER_OF_FIELD_FOR_CAPTURED_VALUE
                receiver: GET_VAR '<this>: gaur.himanshu.youtube.imagesearchapp.utils.PagingHelperKt.collectAsLazyPagingItems.<no name provided> declared in gaur.himanshu.youtube.imagesearchapp.utils.PagingHelperKt.collectAsLazyPagingItems.<no name provided>' type=gaur.himanshu.youtube.imagesearchapp.utils.PagingHelperKt.collectAsLazyPagingItems.<no name provided> origin=null
                value: GET_VAR '$lazyPagingItems: gaur.himanshu.youtube.imagesearchapp.utils.LazyPagingItems<T of gaur.himanshu.youtube.imagesearchapp.utils.PagingHelperKt.collectAsLazyPagingItems> declared in gaur.himanshu.youtube.imagesearchapp.utils.PagingHelperKt.collectAsLazyPagingItems.<no name provided>.<init>' type=gaur.himanshu.youtube.imagesearchapp.utils.LazyPagingItems<T of gaur.himanshu.youtube.imagesearchapp.utils.PagingHelperKt.collectAsLazyPagingItems> origin=null
              DELEGATING_CONSTRUCTOR_CALL 'public constructor <init> (arity: kotlin.Int, $completion: kotlin.coroutines.Continuation<kotlin.Any?>?) declared in kotlin.coroutines.jvm.internal.SuspendLambda'
                arity: CONST Int type=kotlin.Int value=2
                $completion: GET_VAR '$completion: kotlin.coroutines.Continuation<gaur.himanshu.youtube.imagesearchapp.utils.PagingHelperKt.collectAsLazyPagingItems.<no name provided>>? declared in gaur.himanshu.youtube.imagesearchapp.utils.PagingHelperKt.collectAsLazyPagingItems.<no name provided>.<init>' type=kotlin.coroutines.Continuation<gaur.himanshu.youtube.imagesearchapp.utils.PagingHelperKt.collectAsLazyPagingItems.<no name provided>>? origin=null
              BLOCK type=kotlin.Unit origin=null
          FUN name:invokeSuspend visibility:public modality:FINAL <> ($this:gaur.himanshu.youtube.imagesearchapp.utils.PagingHelperKt.collectAsLazyPagingItems.<no name provided>, $result:kotlin.Result<kotlin.Any?>) returnType:kotlin.Any?
            overridden:
              protected abstract fun invokeSuspend ($result: kotlin.Result<kotlin.Any?>): kotlin.Any? declared in kotlin.coroutines.jvm.internal.SuspendLambda
            $this: VALUE_PARAMETER INSTANCE_RECEIVER name:<this> type:gaur.himanshu.youtube.imagesearchapp.utils.PagingHelperKt.collectAsLazyPagingItems.<no name provided>
            VALUE_PARAMETER name:$result index:0 type:kotlin.Result<kotlin.Any?>
            BLOCK_BODY
              WHEN type=kotlin.Unit origin=IF
                BRANCH
                  if: CALL 'public final fun EQEQ (arg0: kotlin.Any?, arg1: kotlin.Any?): kotlin.Boolean declared in kotlin.internal.ir' type=kotlin.Boolean origin=EQEQ
                    arg0: GET_FIELD 'FIELD FIELD_FOR_CAPTURED_VALUE name:$context type:kotlin.coroutines.CoroutineContext visibility:public/*package*/ [final] declared in gaur.himanshu.youtube.imagesearchapp.utils.PagingHelperKt.collectAsLazyPagingItems.<no name provided>' type=kotlin.coroutines.CoroutineContext origin=null
                      receiver: GET_VAR '<this>: gaur.himanshu.youtube.imagesearchapp.utils.PagingHelperKt.collectAsLazyPagingItems.<no name provided> declared in gaur.himanshu.youtube.imagesearchapp.utils.PagingHelperKt.collectAsLazyPagingItems.<no name provided>.invokeSuspend' type=gaur.himanshu.youtube.imagesearchapp.utils.PagingHelperKt.collectAsLazyPagingItems.<no name provided> origin=null
                    arg1: GET_FIELD 'FIELD FIELD_FOR_OBJECT_INSTANCE name:INSTANCE type:kotlin.coroutines.EmptyCoroutineContext visibility:public [final,static] declared in kotlin.coroutines.EmptyCoroutineContext' type=kotlin.coroutines.EmptyCoroutineContext origin=null
                  then: BLOCK type=kotlin.Unit origin=null
                    CALL 'internal final fun collectPagingData ($completion: kotlin.coroutines.Continuation<kotlin.Unit>): kotlin.Any? [suspend] declared in gaur.himanshu.youtube.imagesearchapp.utils.LazyPagingItems' type=kotlin.Unit origin=null
                      $this: GET_FIELD 'FIELD FIELD_FOR_CAPTURED_VALUE name:$lazyPagingItems type:gaur.himanshu.youtube.imagesearchapp.utils.LazyPagingItems<T of gaur.himanshu.youtube.imagesearchapp.utils.PagingHelperKt.collectAsLazyPagingItems> visibility:public/*package*/ [final] declared in gaur.himanshu.youtube.imagesearchapp.utils.PagingHelperKt.collectAsLazyPagingItems.<no name provided>' type=gaur.himanshu.youtube.imagesearchapp.utils.LazyPagingItems<T of gaur.himanshu.youtube.imagesearchapp.utils.PagingHelperKt.collectAsLazyPagingItems> origin=null
                        receiver: GET_VAR '<this>: gaur.himanshu.youtube.imagesearchapp.utils.PagingHelperKt.collectAsLazyPagingItems.<no name provided> declared in gaur.himanshu.youtube.imagesearchapp.utils.PagingHelperKt.collectAsLazyPagingItems.<no name provided>.invokeSuspend' type=gaur.himanshu.youtube.imagesearchapp.utils.PagingHelperKt.collectAsLazyPagingItems.<no name provided> origin=null
                      $completion: GET_VAR '<this>: gaur.himanshu.youtube.imagesearchapp.utils.PagingHelperKt.collectAsLazyPagingItems.<no name provided> declared in gaur.himanshu.youtube.imagesearchapp.utils.PagingHelperKt.collectAsLazyPagingItems.<no name provided>.invokeSuspend' type=gaur.himanshu.youtube.imagesearchapp.utils.PagingHelperKt.collectAsLazyPagingItems.<no name provided> origin=null
                BRANCH
                  if: CONST Boolean type=kotlin.Boolean value=true
                  then: BLOCK type=kotlin.Unit origin=null
                    CALL 'public final fun withContext <T> (context: kotlin.coroutines.CoroutineContext, block: @[ExtensionFunctionType] kotlin.coroutines.SuspendFunction1<kotlinx.coroutines.CoroutineScope, T of kotlinx.coroutines.BuildersKt.withContext>, $completion: kotlin.coroutines.Continuation<T of kotlinx.coroutines.BuildersKt.withContext>): kotlin.Any? [suspend] declared in kotlinx.coroutines.BuildersKt' type=kotlin.Unit origin=null
                      <T>: kotlin.Unit
                      context: GET_FIELD 'FIELD FIELD_FOR_CAPTURED_VALUE name:$context type:kotlin.coroutines.CoroutineContext visibility:public/*package*/ [final] declared in gaur.himanshu.youtube.imagesearchapp.utils.PagingHelperKt.collectAsLazyPagingItems.<no name provided>' type=kotlin.coroutines.CoroutineContext origin=null
                        receiver: GET_VAR '<this>: gaur.himanshu.youtube.imagesearchapp.utils.PagingHelperKt.collectAsLazyPagingItems.<no name provided> declared in gaur.himanshu.youtube.imagesearchapp.utils.PagingHelperKt.collectAsLazyPagingItems.<no name provided>.invokeSuspend' type=gaur.himanshu.youtube.imagesearchapp.utils.PagingHelperKt.collectAsLazyPagingItems.<no name provided> origin=null
                      block: BLOCK type=gaur.himanshu.youtube.imagesearchapp.utils.PagingHelperKt.collectAsLazyPagingItems.<no name provided>.invokeSuspend.<no name provided> origin=null
                        CLASS SUSPEND_LAMBDA CLASS name:<no name provided> modality:FINAL visibility:public/*package*/ superTypes:[kotlin.coroutines.jvm.internal.SuspendLambda; kotlin.jvm.functions.Function2<kotlinx.coroutines.CoroutineScope, kotlin.coroutines.Continuation<kotlin.Unit>?, kotlin.Any?>]
                          $this: VALUE_PARAMETER INSTANCE_RECEIVER name:<this> type:gaur.himanshu.youtube.imagesearchapp.utils.PagingHelperKt.collectAsLazyPagingItems.<no name provided>.invokeSuspend.<no name provided>
                          FIELD name:label type:kotlin.Int visibility:public/*package*/
                          CONSTRUCTOR SUSPEND_LAMBDA visibility:public/*package*/ <> ($lazyPagingItems:gaur.himanshu.youtube.imagesearchapp.utils.LazyPagingItems<T of gaur.himanshu.youtube.imagesearchapp.utils.PagingHelperKt.collectAsLazyPagingItems>, $completion:kotlin.coroutines.Continuation<gaur.himanshu.youtube.imagesearchapp.utils.PagingHelperKt.collectAsLazyPagingItems.<no name provided>.invokeSuspend.<no name provided>>?) returnType:gaur.himanshu.youtube.imagesearchapp.utils.PagingHelperKt.collectAsLazyPagingItems.<no name provided>.invokeSuspend.<no name provided> [primary]
                            VALUE_PARAMETER BOUND_VALUE_PARAMETER name:$lazyPagingItems index:0 type:gaur.himanshu.youtube.imagesearchapp.utils.LazyPagingItems<T of gaur.himanshu.youtube.imagesearchapp.utils.PagingHelperKt.collectAsLazyPagingItems>
                            VALUE_PARAMETER name:$completion index:1 type:kotlin.coroutines.Continuation<gaur.himanshu.youtube.imagesearchapp.utils.PagingHelperKt.collectAsLazyPagingItems.<no name provided>.invokeSuspend.<no name provided>>?
                            BLOCK_BODY
                              SET_FIELD 'FIELD FIELD_FOR_CAPTURED_VALUE name:$lazyPagingItems type:gaur.himanshu.youtube.imagesearchapp.utils.LazyPagingItems<T of gaur.himanshu.youtube.imagesearchapp.utils.PagingHelperKt.collectAsLazyPagingItems> visibility:public/*package*/ [final] declared in gaur.himanshu.youtube.imagesearchapp.utils.PagingHelperKt.collectAsLazyPagingItems.<no name provided>.invokeSuspend.<no name provided>' type=kotlin.Unit origin=INITIALIZER_OF_FIELD_FOR_CAPTURED_VALUE
                                receiver: GET_VAR '<this>: gaur.himanshu.youtube.imagesearchapp.utils.PagingHelperKt.collectAsLazyPagingItems.<no name provided>.invokeSuspend.<no name provided> declared in gaur.himanshu.youtube.imagesearchapp.utils.PagingHelperKt.collectAsLazyPagingItems.<no name provided>.invokeSuspend.<no name provided>' type=gaur.himanshu.youtube.imagesearchapp.utils.PagingHelperKt.collectAsLazyPagingItems.<no name provided>.invokeSuspend.<no name provided> origin=null
                                value: GET_VAR '$lazyPagingItems: gaur.himanshu.youtube.imagesearchapp.utils.LazyPagingItems<T of gaur.himanshu.youtube.imagesearchapp.utils.PagingHelperKt.collectAsLazyPagingItems> declared in gaur.himanshu.youtube.imagesearchapp.utils.PagingHelperKt.collectAsLazyPagingItems.<no name provided>.invokeSuspend.<no name provided>.<init>' type=gaur.himanshu.youtube.imagesearchapp.utils.LazyPagingItems<T of gaur.himanshu.youtube.imagesearchapp.utils.PagingHelperKt.collectAsLazyPagingItems> origin=null
                              DELEGATING_CONSTRUCTOR_CALL 'public constructor <init> (arity: kotlin.Int, $completion: kotlin.coroutines.Continuation<kotlin.Any?>?) declared in kotlin.coroutines.jvm.internal.SuspendLambda'
                                arity: CONST Int type=kotlin.Int value=2
                                $completion: GET_VAR '$completion: kotlin.coroutines.Continuation<gaur.himanshu.youtube.imagesearchapp.utils.PagingHelperKt.collectAsLazyPagingItems.<no name provided>.invokeSuspend.<no name provided>>? declared in gaur.himanshu.youtube.imagesearchapp.utils.PagingHelperKt.collectAsLazyPagingItems.<no name provided>.invokeSuspend.<no name provided>.<init>' type=kotlin.coroutines.Continuation<gaur.himanshu.youtube.imagesearchapp.utils.PagingHelperKt.collectAsLazyPagingItems.<no name provided>.invokeSuspend.<no name provided>>? origin=null
                              BLOCK type=kotlin.Unit origin=null
                          FUN name:invokeSuspend visibility:public modality:FINAL <> ($this:gaur.himanshu.youtube.imagesearchapp.utils.PagingHelperKt.collectAsLazyPagingItems.<no name provided>.invokeSuspend.<no name provided>, $result:kotlin.Result<kotlin.Any?>) returnType:kotlin.Any?
                            overridden:
                              protected abstract fun invokeSuspend ($result: kotlin.Result<kotlin.Any?>): kotlin.Any? declared in kotlin.coroutines.jvm.internal.SuspendLambda
                            $this: VALUE_PARAMETER INSTANCE_RECEIVER name:<this> type:gaur.himanshu.youtube.imagesearchapp.utils.PagingHelperKt.collectAsLazyPagingItems.<no name provided>.invokeSuspend.<no name provided>
                            VALUE_PARAMETER name:$result index:0 type:kotlin.Result<kotlin.Any?>
                            BLOCK_BODY
                              CALL 'internal final fun collectPagingData ($completion: kotlin.coroutines.Continuation<kotlin.Unit>): kotlin.Any? [suspend] declared in gaur.himanshu.youtube.imagesearchapp.utils.LazyPagingItems' type=kotlin.Unit origin=null
                                $this: GET_FIELD 'FIELD FIELD_FOR_CAPTURED_VALUE name:$lazyPagingItems type:gaur.himanshu.youtube.imagesearchapp.utils.LazyPagingItems<T of gaur.himanshu.youtube.imagesearchapp.utils.PagingHelperKt.collectAsLazyPagingItems> visibility:public/*package*/ [final] declared in gaur.himanshu.youtube.imagesearchapp.utils.PagingHelperKt.collectAsLazyPagingItems.<no name provided>.invokeSuspend.<no name provided>' type=gaur.himanshu.youtube.imagesearchapp.utils.LazyPagingItems<T of gaur.himanshu.youtube.imagesearchapp.utils.PagingHelperKt.collectAsLazyPagingItems> origin=null
                                  receiver: GET_VAR '<this>: gaur.himanshu.youtube.imagesearchapp.utils.PagingHelperKt.collectAsLazyPagingItems.<no name provided>.invokeSuspend.<no name provided> declared in gaur.himanshu.youtube.imagesearchapp.utils.PagingHelperKt.collectAsLazyPagingItems.<no name provided>.invokeSuspend.<no name provided>.invokeSuspend' type=gaur.himanshu.youtube.imagesearchapp.utils.PagingHelperKt.collectAsLazyPagingItems.<no name provided>.invokeSuspend.<no name provided> origin=null
                                $completion: GET_VAR '<this>: gaur.himanshu.youtube.imagesearchapp.utils.PagingHelperKt.collectAsLazyPagingItems.<no name provided>.invokeSuspend.<no name provided> declared in gaur.himanshu.youtube.imagesearchapp.utils.PagingHelperKt.collectAsLazyPagingItems.<no name provided>.invokeSuspend.<no name provided>.invokeSuspend' type=gaur.himanshu.youtube.imagesearchapp.utils.PagingHelperKt.collectAsLazyPagingItems.<no name provided>.invokeSuspend.<no name provided> origin=null
                          FUN name:create visibility:public modality:FINAL <> ($this:gaur.himanshu.youtube.imagesearchapp.utils.PagingHelperKt.collectAsLazyPagingItems.<no name provided>.invokeSuspend.<no name provided>, value:kotlin.Any?, $completion:kotlin.coroutines.Continuation<kotlin.Nothing>) returnType:kotlin.coroutines.Continuation<kotlin.Unit>
                            overridden:
                              public open fun create (value: kotlin.Any?, $completion: kotlin.coroutines.Continuation<kotlin.Nothing>): kotlin.coroutines.Continuation<kotlin.Unit> declared in kotlin.coroutines.jvm.internal.SuspendLambda
                            $this: VALUE_PARAMETER INSTANCE_RECEIVER name:<this> type:gaur.himanshu.youtube.imagesearchapp.utils.PagingHelperKt.collectAsLazyPagingItems.<no name provided>.invokeSuspend.<no name provided>
                            VALUE_PARAMETER name:value index:0 type:kotlin.Any?
                            VALUE_PARAMETER name:$completion index:1 type:kotlin.coroutines.Continuation<kotlin.Nothing>
                            BLOCK_BODY
                              RETURN type=kotlin.Nothing from='public final fun create (value: kotlin.Any?, $completion: kotlin.coroutines.Continuation<kotlin.Nothing>): kotlin.coroutines.Continuation<kotlin.Unit> declared in gaur.himanshu.youtube.imagesearchapp.utils.PagingHelperKt.collectAsLazyPagingItems.<no name provided>.invokeSuspend.<no name provided>'
                                CONSTRUCTOR_CALL 'public/*package*/ constructor <init> ($lazyPagingItems: gaur.himanshu.youtube.imagesearchapp.utils.LazyPagingItems<T of gaur.himanshu.youtube.imagesearchapp.utils.PagingHelperKt.collectAsLazyPagingItems>, $completion: kotlin.coroutines.Continuation<gaur.himanshu.youtube.imagesearchapp.utils.PagingHelperKt.collectAsLazyPagingItems.<no name provided>.invokeSuspend.<no name provided>>?) [primary] declared in gaur.himanshu.youtube.imagesearchapp.utils.PagingHelperKt.collectAsLazyPagingItems.<no name provided>.invokeSuspend.<no name provided>' type=gaur.himanshu.youtube.imagesearchapp.utils.PagingHelperKt.collectAsLazyPagingItems.<no name provided>.invokeSuspend.<no name provided> origin=null
                                  $lazyPagingItems: GET_FIELD 'FIELD FIELD_FOR_CAPTURED_VALUE name:$lazyPagingItems type:gaur.himanshu.youtube.imagesearchapp.utils.LazyPagingItems<T of gaur.himanshu.youtube.imagesearchapp.utils.PagingHelperKt.collectAsLazyPagingItems> visibility:public/*package*/ [final] declared in gaur.himanshu.youtube.imagesearchapp.utils.PagingHelperKt.collectAsLazyPagingItems.<no name provided>.invokeSuspend.<no name provided>' type=gaur.himanshu.youtube.imagesearchapp.utils.LazyPagingItems<T of gaur.himanshu.youtube.imagesearchapp.utils.PagingHelperKt.collectAsLazyPagingItems> origin=null
                                    receiver: GET_VAR '<this>: gaur.himanshu.youtube.imagesearchapp.utils.PagingHelperKt.collectAsLazyPagingItems.<no name provided>.invokeSuspend.<no name provided> declared in gaur.himanshu.youtube.imagesearchapp.utils.PagingHelperKt.collectAsLazyPagingItems.<no name provided>.invokeSuspend.<no name provided>.create' type=gaur.himanshu.youtube.imagesearchapp.utils.PagingHelperKt.collectAsLazyPagingItems.<no name provided>.invokeSuspend.<no name provided> origin=null
                                  $completion: GET_VAR '$completion: kotlin.coroutines.Continuation<kotlin.Nothing> declared in gaur.himanshu.youtube.imagesearchapp.utils.PagingHelperKt.collectAsLazyPagingItems.<no name provided>.invokeSuspend.<no name provided>.create' type=kotlin.coroutines.Continuation<kotlin.Nothing> origin=null
                          FUN name:invoke visibility:public modality:FINAL <> ($this:gaur.himanshu.youtube.imagesearchapp.utils.PagingHelperKt.collectAsLazyPagingItems.<no name provided>.invokeSuspend.<no name provided>, p1:kotlinx.coroutines.CoroutineScope, p2:kotlin.coroutines.Continuation<kotlin.Unit>?) returnType:kotlin.Any?
                            overridden:
                              public abstract fun invoke (p1: P1 of kotlin.jvm.functions.Function2, p2: P2 of kotlin.jvm.functions.Function2): R of kotlin.jvm.functions.Function2 declared in kotlin.jvm.functions.Function2
                            $this: VALUE_PARAMETER INSTANCE_RECEIVER name:<this> type:gaur.himanshu.youtube.imagesearchapp.utils.PagingHelperKt.collectAsLazyPagingItems.<no name provided>.invokeSuspend.<no name provided>
                            VALUE_PARAMETER name:p1 index:0 type:kotlinx.coroutines.CoroutineScope
                            VALUE_PARAMETER name:p2 index:1 type:kotlin.coroutines.Continuation<kotlin.Unit>?
                            BLOCK_BODY
                              RETURN type=kotlin.Nothing from='public final fun invoke (p1: kotlinx.coroutines.CoroutineScope, p2: kotlin.coroutines.Continuation<kotlin.Unit>?): kotlin.Any? declared in gaur.himanshu.youtube.imagesearchapp.utils.PagingHelperKt.collectAsLazyPagingItems.<no name provided>.invokeSuspend.<no name provided>'
                                CALL 'public final fun invokeSuspend ($result: kotlin.Result<kotlin.Any?>): kotlin.Any? declared in gaur.himanshu.youtube.imagesearchapp.utils.PagingHelperKt.collectAsLazyPagingItems.<no name provided>.invokeSuspend.<no name provided>' type=kotlin.Any? origin=null
                                  $this: TYPE_OP type=gaur.himanshu.youtube.imagesearchapp.utils.PagingHelperKt.collectAsLazyPagingItems.<no name provided>.invokeSuspend.<no name provided> origin=IMPLICIT_CAST typeOperand=gaur.himanshu.youtube.imagesearchapp.utils.PagingHelperKt.collectAsLazyPagingItems.<no name provided>.invokeSuspend.<no name provided>
                                    CALL 'public final fun create (value: kotlin.Any?, $completion: kotlin.coroutines.Continuation<kotlin.Nothing>): kotlin.coroutines.Continuation<kotlin.Unit> declared in gaur.himanshu.youtube.imagesearchapp.utils.PagingHelperKt.collectAsLazyPagingItems.<no name provided>.invokeSuspend.<no name provided>' type=kotlin.coroutines.Continuation<kotlin.Unit> origin=null
                                      $this: GET_VAR '<this>: gaur.himanshu.youtube.imagesearchapp.utils.PagingHelperKt.collectAsLazyPagingItems.<no name provided>.invokeSuspend.<no name provided> declared in gaur.himanshu.youtube.imagesearchapp.utils.PagingHelperKt.collectAsLazyPagingItems.<no name provided>.invokeSuspend.<no name provided>.invoke' type=gaur.himanshu.youtube.imagesearchapp.utils.PagingHelperKt.collectAsLazyPagingItems.<no name provided>.invokeSuspend.<no name provided> origin=null
                                      value: GET_VAR 'p1: kotlinx.coroutines.CoroutineScope declared in gaur.himanshu.youtube.imagesearchapp.utils.PagingHelperKt.collectAsLazyPagingItems.<no name provided>.invokeSuspend.<no name provided>.invoke' type=kotlinx.coroutines.CoroutineScope origin=null
                                      $completion: GET_VAR 'p2: kotlin.coroutines.Continuation<kotlin.Unit>? declared in gaur.himanshu.youtube.imagesearchapp.utils.PagingHelperKt.collectAsLazyPagingItems.<no name provided>.invokeSuspend.<no name provided>.invoke' type=kotlin.coroutines.Continuation<kotlin.Unit>? origin=null
                                  $result: CALL 'public final fun <unsafe-coerce> <T, R> (v: T of kotlin.jvm.internal.<unsafe-coerce>): R of kotlin.jvm.internal.<unsafe-coerce> declared in kotlin.jvm.internal' type=kotlin.Result<kotlin.Any?> origin=null
                                    <T>: kotlin.Any?
                                    <R>: kotlin.Result<kotlin.Any?>
                                    v: GET_FIELD 'FIELD FIELD_FOR_OBJECT_INSTANCE name:INSTANCE type:kotlin.Unit visibility:public [final,static] declared in kotlin.Unit' type=kotlin.Unit origin=null
                          FIELD FIELD_FOR_CAPTURED_VALUE name:$lazyPagingItems type:gaur.himanshu.youtube.imagesearchapp.utils.LazyPagingItems<T of gaur.himanshu.youtube.imagesearchapp.utils.PagingHelperKt.collectAsLazyPagingItems> visibility:public/*package*/ [final]
                          FUN BRIDGE name:invoke visibility:public modality:OPEN <> ($this:gaur.himanshu.youtube.imagesearchapp.utils.PagingHelperKt.collectAsLazyPagingItems.<no name provided>.invokeSuspend.<no name provided>, p1:kotlin.Any?, p2:kotlin.Any?) returnType:kotlin.Any?
                            $this: VALUE_PARAMETER INSTANCE_RECEIVER name:<this> type:gaur.himanshu.youtube.imagesearchapp.utils.PagingHelperKt.collectAsLazyPagingItems.<no name provided>.invokeSuspend.<no name provided>
                            VALUE_PARAMETER BRIDGE name:p1 index:0 type:kotlin.Any?
                            VALUE_PARAMETER BRIDGE name:p2 index:1 type:kotlin.Any?
                            EXPRESSION_BODY
                              RETURN type=kotlin.Nothing from='public open fun invoke (p1: kotlin.Any?, p2: kotlin.Any?): kotlin.Any? declared in gaur.himanshu.youtube.imagesearchapp.utils.PagingHelperKt.collectAsLazyPagingItems.<no name provided>.invokeSuspend.<no name provided>'
                                CALL 'public final fun invoke (p1: kotlinx.coroutines.CoroutineScope, p2: kotlin.coroutines.Continuation<kotlin.Unit>?): kotlin.Any? declared in gaur.himanshu.youtube.imagesearchapp.utils.PagingHelperKt.collectAsLazyPagingItems.<no name provided>.invokeSuspend.<no name provided>' type=kotlin.Any? origin=BRIDGE_DELEGATION
                                  $this: GET_VAR '<this>: gaur.himanshu.youtube.imagesearchapp.utils.PagingHelperKt.collectAsLazyPagingItems.<no name provided>.invokeSuspend.<no name provided> declared in gaur.himanshu.youtube.imagesearchapp.utils.PagingHelperKt.collectAsLazyPagingItems.<no name provided>.invokeSuspend.<no name provided>.invoke' type=gaur.himanshu.youtube.imagesearchapp.utils.PagingHelperKt.collectAsLazyPagingItems.<no name provided>.invokeSuspend.<no name provided> origin=null
                                  p1: TYPE_OP type=kotlinx.coroutines.CoroutineScope origin=IMPLICIT_CAST typeOperand=kotlinx.coroutines.CoroutineScope
                                    GET_VAR 'p1: kotlin.Any? declared in gaur.himanshu.youtube.imagesearchapp.utils.PagingHelperKt.collectAsLazyPagingItems.<no name provided>.invokeSuspend.<no name provided>.invoke' type=kotlin.Any? origin=null
                                  p2: TYPE_OP type=kotlin.coroutines.Continuation<*> origin=IMPLICIT_CAST typeOperand=kotlin.coroutines.Continuation<*>
                                    GET_VAR 'p2: kotlin.Any? declared in gaur.himanshu.youtube.imagesearchapp.utils.PagingHelperKt.collectAsLazyPagingItems.<no name provided>.invokeSuspend.<no name provided>.invoke' type=kotlin.Any? origin=null
                        CONSTRUCTOR_CALL 'public/*package*/ constructor <init> ($lazyPagingItems: gaur.himanshu.youtube.imagesearchapp.utils.LazyPagingItems<T of gaur.himanshu.youtube.imagesearchapp.utils.PagingHelperKt.collectAsLazyPagingItems>, $completion: kotlin.coroutines.Continuation<gaur.himanshu.youtube.imagesearchapp.utils.PagingHelperKt.collectAsLazyPagingItems.<no name provided>.invokeSuspend.<no name provided>>?) [primary] declared in gaur.himanshu.youtube.imagesearchapp.utils.PagingHelperKt.collectAsLazyPagingItems.<no name provided>.invokeSuspend.<no name provided>' type=gaur.himanshu.youtube.imagesearchapp.utils.PagingHelperKt.collectAsLazyPagingItems.<no name provided>.invokeSuspend.<no name provided> origin=null
                          $lazyPagingItems: GET_FIELD 'FIELD FIELD_FOR_CAPTURED_VALUE name:$lazyPagingItems type:gaur.himanshu.youtube.imagesearchapp.utils.LazyPagingItems<T of gaur.himanshu.youtube.imagesearchapp.utils.PagingHelperKt.collectAsLazyPagingItems> visibility:public/*package*/ [final] declared in gaur.himanshu.youtube.imagesearchapp.utils.PagingHelperKt.collectAsLazyPagingItems.<no name provided>' type=gaur.himanshu.youtube.imagesearchapp.utils.LazyPagingItems<T of gaur.himanshu.youtube.imagesearchapp.utils.PagingHelperKt.collectAsLazyPagingItems> origin=null
                            receiver: GET_VAR '<this>: gaur.himanshu.youtube.imagesearchapp.utils.PagingHelperKt.collectAsLazyPagingItems.<no name provided> declared in gaur.himanshu.youtube.imagesearchapp.utils.PagingHelperKt.collectAsLazyPagingItems.<no name provided>.invokeSuspend' type=gaur.himanshu.youtube.imagesearchapp.utils.PagingHelperKt.collectAsLazyPagingItems.<no name provided> origin=null
                          $completion: CONST Null type=kotlin.Nothing? value=null
                      $completion: GET_VAR '<this>: gaur.himanshu.youtube.imagesearchapp.utils.PagingHelperKt.collectAsLazyPagingItems.<no name provided> declared in gaur.himanshu.youtube.imagesearchapp.utils.PagingHelperKt.collectAsLazyPagingItems.<no name provided>.invokeSuspend' type=gaur.himanshu.youtube.imagesearchapp.utils.PagingHelperKt.collectAsLazyPagingItems.<no name provided> origin=null
          FUN name:create visibility:public modality:FINAL <> ($this:gaur.himanshu.youtube.imagesearchapp.utils.PagingHelperKt.collectAsLazyPagingItems.<no name provided>, value:kotlin.Any?, $completion:kotlin.coroutines.Continuation<kotlin.Nothing>) returnType:kotlin.coroutines.Continuation<kotlin.Unit>
            overridden:
              public open fun create (value: kotlin.Any?, $completion: kotlin.coroutines.Continuation<kotlin.Nothing>): kotlin.coroutines.Continuation<kotlin.Unit> declared in kotlin.coroutines.jvm.internal.SuspendLambda
            $this: VALUE_PARAMETER INSTANCE_RECEIVER name:<this> type:gaur.himanshu.youtube.imagesearchapp.utils.PagingHelperKt.collectAsLazyPagingItems.<no name provided>
            VALUE_PARAMETER name:value index:0 type:kotlin.Any?
            VALUE_PARAMETER name:$completion index:1 type:kotlin.coroutines.Continuation<kotlin.Nothing>
            BLOCK_BODY
              RETURN type=kotlin.Nothing from='public final fun create (value: kotlin.Any?, $completion: kotlin.coroutines.Continuation<kotlin.Nothing>): kotlin.coroutines.Continuation<kotlin.Unit> declared in gaur.himanshu.youtube.imagesearchapp.utils.PagingHelperKt.collectAsLazyPagingItems.<no name provided>'
                CONSTRUCTOR_CALL 'public/*package*/ constructor <init> ($context: kotlin.coroutines.CoroutineContext, $lazyPagingItems: gaur.himanshu.youtube.imagesearchapp.utils.LazyPagingItems<T of gaur.himanshu.youtube.imagesearchapp.utils.PagingHelperKt.collectAsLazyPagingItems>, $completion: kotlin.coroutines.Continuation<gaur.himanshu.youtube.imagesearchapp.utils.PagingHelperKt.collectAsLazyPagingItems.<no name provided>>?) [primary] declared in gaur.himanshu.youtube.imagesearchapp.utils.PagingHelperKt.collectAsLazyPagingItems.<no name provided>' type=gaur.himanshu.youtube.imagesearchapp.utils.PagingHelperKt.collectAsLazyPagingItems.<no name provided> origin=null
                  $context: GET_FIELD 'FIELD FIELD_FOR_CAPTURED_VALUE name:$context type:kotlin.coroutines.CoroutineContext visibility:public/*package*/ [final] declared in gaur.himanshu.youtube.imagesearchapp.utils.PagingHelperKt.collectAsLazyPagingItems.<no name provided>' type=kotlin.coroutines.CoroutineContext origin=null
                    receiver: GET_VAR '<this>: gaur.himanshu.youtube.imagesearchapp.utils.PagingHelperKt.collectAsLazyPagingItems.<no name provided> declared in gaur.himanshu.youtube.imagesearchapp.utils.PagingHelperKt.collectAsLazyPagingItems.<no name provided>.create' type=gaur.himanshu.youtube.imagesearchapp.utils.PagingHelperKt.collectAsLazyPagingItems.<no name provided> origin=null
                  $lazyPagingItems: GET_FIELD 'FIELD FIELD_FOR_CAPTURED_VALUE name:$lazyPagingItems type:gaur.himanshu.youtube.imagesearchapp.utils.LazyPagingItems<T of gaur.himanshu.youtube.imagesearchapp.utils.PagingHelperKt.collectAsLazyPagingItems> visibility:public/*package*/ [final] declared in gaur.himanshu.youtube.imagesearchapp.utils.PagingHelperKt.collectAsLazyPagingItems.<no name provided>' type=gaur.himanshu.youtube.imagesearchapp.utils.LazyPagingItems<T of gaur.himanshu.youtube.imagesearchapp.utils.PagingHelperKt.collectAsLazyPagingItems> origin=null
                    receiver: GET_VAR '<this>: gaur.himanshu.youtube.imagesearchapp.utils.PagingHelperKt.collectAsLazyPagingItems.<no name provided> declared in gaur.himanshu.youtube.imagesearchapp.utils.PagingHelperKt.collectAsLazyPagingItems.<no name provided>.create' type=gaur.himanshu.youtube.imagesearchapp.utils.PagingHelperKt.collectAsLazyPagingItems.<no name provided> origin=null
                  $completion: GET_VAR '$completion: kotlin.coroutines.Continuation<kotlin.Nothing> declared in gaur.himanshu.youtube.imagesearchapp.utils.PagingHelperKt.collectAsLazyPagingItems.<no name provided>.create' type=kotlin.coroutines.Continuation<kotlin.Nothing> origin=null
          FUN name:invoke visibility:public modality:FINAL <> ($this:gaur.himanshu.youtube.imagesearchapp.utils.PagingHelperKt.collectAsLazyPagingItems.<no name provided>, p1:kotlinx.coroutines.CoroutineScope, p2:kotlin.coroutines.Continuation<kotlin.Unit>?) returnType:kotlin.Any?
            overridden:
              public abstract fun invoke (p1: P1 of kotlin.jvm.functions.Function2, p2: P2 of kotlin.jvm.functions.Function2): R of kotlin.jvm.functions.Function2 declared in kotlin.jvm.functions.Function2
            $this: VALUE_PARAMETER INSTANCE_RECEIVER name:<this> type:gaur.himanshu.youtube.imagesearchapp.utils.PagingHelperKt.collectAsLazyPagingItems.<no name provided>
            VALUE_PARAMETER name:p1 index:0 type:kotlinx.coroutines.CoroutineScope
            VALUE_PARAMETER name:p2 index:1 type:kotlin.coroutines.Continuation<kotlin.Unit>?
            BLOCK_BODY
              RETURN type=kotlin.Nothing from='public final fun invoke (p1: kotlinx.coroutines.CoroutineScope, p2: kotlin.coroutines.Continuation<kotlin.Unit>?): kotlin.Any? declared in gaur.himanshu.youtube.imagesearchapp.utils.PagingHelperKt.collectAsLazyPagingItems.<no name provided>'
                CALL 'public final fun invokeSuspend ($result: kotlin.Result<kotlin.Any?>): kotlin.Any? declared in gaur.himanshu.youtube.imagesearchapp.utils.PagingHelperKt.collectAsLazyPagingItems.<no name provided>' type=kotlin.Any? origin=null
                  $this: TYPE_OP type=gaur.himanshu.youtube.imagesearchapp.utils.PagingHelperKt.collectAsLazyPagingItems.<no name provided> origin=IMPLICIT_CAST typeOperand=gaur.himanshu.youtube.imagesearchapp.utils.PagingHelperKt.collectAsLazyPagingItems.<no name provided>
                    CALL 'public final fun create (value: kotlin.Any?, $completion: kotlin.coroutines.Continuation<kotlin.Nothing>): kotlin.coroutines.Continuation<kotlin.Unit> declared in gaur.himanshu.youtube.imagesearchapp.utils.PagingHelperKt.collectAsLazyPagingItems.<no name provided>' type=kotlin.coroutines.Continuation<kotlin.Unit> origin=null
                      $this: GET_VAR '<this>: gaur.himanshu.youtube.imagesearchapp.utils.PagingHelperKt.collectAsLazyPagingItems.<no name provided> declared in gaur.himanshu.youtube.imagesearchapp.utils.PagingHelperKt.collectAsLazyPagingItems.<no name provided>.invoke' type=gaur.himanshu.youtube.imagesearchapp.utils.PagingHelperKt.collectAsLazyPagingItems.<no name provided> origin=null
                      value: GET_VAR 'p1: kotlinx.coroutines.CoroutineScope declared in gaur.himanshu.youtube.imagesearchapp.utils.PagingHelperKt.collectAsLazyPagingItems.<no name provided>.invoke' type=kotlinx.coroutines.CoroutineScope origin=null
                      $completion: GET_VAR 'p2: kotlin.coroutines.Continuation<kotlin.Unit>? declared in gaur.himanshu.youtube.imagesearchapp.utils.PagingHelperKt.collectAsLazyPagingItems.<no name provided>.invoke' type=kotlin.coroutines.Continuation<kotlin.Unit>? origin=null
                  $result: CALL 'public final fun <unsafe-coerce> <T, R> (v: T of kotlin.jvm.internal.<unsafe-coerce>): R of kotlin.jvm.internal.<unsafe-coerce> declared in kotlin.jvm.internal' type=kotlin.Result<kotlin.Any?> origin=null
                    <T>: kotlin.Any?
                    <R>: kotlin.Result<kotlin.Any?>
                    v: GET_FIELD 'FIELD FIELD_FOR_OBJECT_INSTANCE name:INSTANCE type:kotlin.Unit visibility:public [final,static] declared in kotlin.Unit' type=kotlin.Unit origin=null
          FIELD FIELD_FOR_CAPTURED_VALUE name:$context type:kotlin.coroutines.CoroutineContext visibility:public/*package*/ [final]
          FIELD FIELD_FOR_CAPTURED_VALUE name:$lazyPagingItems type:gaur.himanshu.youtube.imagesearchapp.utils.LazyPagingItems<T of gaur.himanshu.youtube.imagesearchapp.utils.PagingHelperKt.collectAsLazyPagingItems> visibility:public/*package*/ [final]
          FUN BRIDGE name:invoke visibility:public modality:OPEN <> ($this:gaur.himanshu.youtube.imagesearchapp.utils.PagingHelperKt.collectAsLazyPagingItems.<no name provided>, p1:kotlin.Any?, p2:kotlin.Any?) returnType:kotlin.Any?
            $this: VALUE_PARAMETER INSTANCE_RECEIVER name:<this> type:gaur.himanshu.youtube.imagesearchapp.utils.PagingHelperKt.collectAsLazyPagingItems.<no name provided>
            VALUE_PARAMETER BRIDGE name:p1 index:0 type:kotlin.Any?
            VALUE_PARAMETER BRIDGE name:p2 index:1 type:kotlin.Any?
            EXPRESSION_BODY
              RETURN type=kotlin.Nothing from='public open fun invoke (p1: kotlin.Any?, p2: kotlin.Any?): kotlin.Any? declared in gaur.himanshu.youtube.imagesearchapp.utils.PagingHelperKt.collectAsLazyPagingItems.<no name provided>'
                CALL 'public final fun invoke (p1: kotlinx.coroutines.CoroutineScope, p2: kotlin.coroutines.Continuation<kotlin.Unit>?): kotlin.Any? declared in gaur.himanshu.youtube.imagesearchapp.utils.PagingHelperKt.collectAsLazyPagingItems.<no name provided>' type=kotlin.Any? origin=BRIDGE_DELEGATION
                  $this: GET_VAR '<this>: gaur.himanshu.youtube.imagesearchapp.utils.PagingHelperKt.collectAsLazyPagingItems.<no name provided> declared in gaur.himanshu.youtube.imagesearchapp.utils.PagingHelperKt.collectAsLazyPagingItems.<no name provided>.invoke' type=gaur.himanshu.youtube.imagesearchapp.utils.PagingHelperKt.collectAsLazyPagingItems.<no name provided> origin=null
                  p1: TYPE_OP type=kotlinx.coroutines.CoroutineScope origin=IMPLICIT_CAST typeOperand=kotlinx.coroutines.CoroutineScope
                    GET_VAR 'p1: kotlin.Any? declared in gaur.himanshu.youtube.imagesearchapp.utils.PagingHelperKt.collectAsLazyPagingItems.<no name provided>.invoke' type=kotlin.Any? origin=null
                  p2: TYPE_OP type=kotlin.coroutines.Continuation<*> origin=IMPLICIT_CAST typeOperand=kotlin.coroutines.Continuation<*>
                    GET_VAR 'p2: kotlin.Any? declared in gaur.himanshu.youtube.imagesearchapp.utils.PagingHelperKt.collectAsLazyPagingItems.<no name provided>.invoke' type=kotlin.Any? origin=null
        CONSTRUCTOR_CALL 'public/*package*/ constructor <init> ($context: kotlin.coroutines.CoroutineContext, $lazyPagingItems: gaur.himanshu.youtube.imagesearchapp.utils.LazyPagingItems<T of gaur.himanshu.youtube.imagesearchapp.utils.PagingHelperKt.collectAsLazyPagingItems>, $completion: kotlin.coroutines.Continuation<gaur.himanshu.youtube.imagesearchapp.utils.PagingHelperKt.collectAsLazyPagingItems.<no name provided>>?) [primary] declared in gaur.himanshu.youtube.imagesearchapp.utils.PagingHelperKt.collectAsLazyPagingItems.<no name provided>' type=gaur.himanshu.youtube.imagesearchapp.utils.PagingHelperKt.collectAsLazyPagingItems.<no name provided> origin=null
          $context: GET_VAR 'context: kotlin.coroutines.CoroutineContext declared in gaur.himanshu.youtube.imagesearchapp.utils.PagingHelperKt.collectAsLazyPagingItems' type=kotlin.coroutines.CoroutineContext origin=null
          $lazyPagingItems: GET_VAR 'val lazyPagingItems: gaur.himanshu.youtube.imagesearchapp.utils.LazyPagingItems<T of gaur.himanshu.youtube.imagesearchapp.utils.PagingHelperKt.collectAsLazyPagingItems> [val] declared in gaur.himanshu.youtube.imagesearchapp.utils.PagingHelperKt.collectAsLazyPagingItems' type=gaur.himanshu.youtube.imagesearchapp.utils.LazyPagingItems<T of gaur.himanshu.youtube.imagesearchapp.utils.PagingHelperKt.collectAsLazyPagingItems> origin=null
          $completion: CONST Null type=kotlin.Nothing? value=null
    CALL 'public final fun LaunchedEffect (key1: kotlin.Any?, block: @[ExtensionFunctionType] kotlin.coroutines.SuspendFunction1<kotlinx.coroutines.CoroutineScope, kotlin.Unit>): kotlin.Unit declared in androidx.compose.runtime.EffectsKt' type=kotlin.Unit origin=null
      key1: GET_VAR 'val lazyPagingItems: gaur.himanshu.youtube.imagesearchapp.utils.LazyPagingItems<T of gaur.himanshu.youtube.imagesearchapp.utils.PagingHelperKt.collectAsLazyPagingItems> [val] declared in gaur.himanshu.youtube.imagesearchapp.utils.PagingHelperKt.collectAsLazyPagingItems' type=gaur.himanshu.youtube.imagesearchapp.utils.LazyPagingItems<T of gaur.himanshu.youtube.imagesearchapp.utils.PagingHelperKt.collectAsLazyPagingItems> origin=null
      block: BLOCK type=gaur.himanshu.youtube.imagesearchapp.utils.PagingHelperKt.collectAsLazyPagingItems.<no name provided> origin=null
        CLASS SUSPEND_LAMBDA CLASS name:<no name provided> modality:FINAL visibility:public/*package*/ superTypes:[kotlin.coroutines.jvm.internal.SuspendLambda; kotlin.jvm.functions.Function2<kotlinx.coroutines.CoroutineScope, kotlin.coroutines.Continuation<kotlin.Unit>?, kotlin.Any?>]
          $this: VALUE_PARAMETER INSTANCE_RECEIVER name:<this> type:gaur.himanshu.youtube.imagesearchapp.utils.PagingHelperKt.collectAsLazyPagingItems.<no name provided>
          FIELD name:label type:kotlin.Int visibility:public/*package*/
          CONSTRUCTOR SUSPEND_LAMBDA visibility:public/*package*/ <> ($context:kotlin.coroutines.CoroutineContext, $lazyPagingItems:gaur.himanshu.youtube.imagesearchapp.utils.LazyPagingItems<T of gaur.himanshu.youtube.imagesearchapp.utils.PagingHelperKt.collectAsLazyPagingItems>, $completion:kotlin.coroutines.Continuation<gaur.himanshu.youtube.imagesearchapp.utils.PagingHelperKt.collectAsLazyPagingItems.<no name provided>>?) returnType:gaur.himanshu.youtube.imagesearchapp.utils.PagingHelperKt.collectAsLazyPagingItems.<no name provided> [primary]
            VALUE_PARAMETER BOUND_VALUE_PARAMETER name:$context index:0 type:kotlin.coroutines.CoroutineContext
            VALUE_PARAMETER BOUND_VALUE_PARAMETER name:$lazyPagingItems index:1 type:gaur.himanshu.youtube.imagesearchapp.utils.LazyPagingItems<T of gaur.himanshu.youtube.imagesearchapp.utils.PagingHelperKt.collectAsLazyPagingItems>
            VALUE_PARAMETER name:$completion index:2 type:kotlin.coroutines.Continuation<gaur.himanshu.youtube.imagesearchapp.utils.PagingHelperKt.collectAsLazyPagingItems.<no name provided>>?
            BLOCK_BODY
              SET_FIELD 'FIELD FIELD_FOR_CAPTURED_VALUE name:$context type:kotlin.coroutines.CoroutineContext visibility:public/*package*/ [final] declared in gaur.himanshu.youtube.imagesearchapp.utils.PagingHelperKt.collectAsLazyPagingItems.<no name provided>' type=kotlin.Unit origin=INITIALIZER_OF_FIELD_FOR_CAPTURED_VALUE
                receiver: GET_VAR '<this>: gaur.himanshu.youtube.imagesearchapp.utils.PagingHelperKt.collectAsLazyPagingItems.<no name provided> declared in gaur.himanshu.youtube.imagesearchapp.utils.PagingHelperKt.collectAsLazyPagingItems.<no name provided>' type=gaur.himanshu.youtube.imagesearchapp.utils.PagingHelperKt.collectAsLazyPagingItems.<no name provided> origin=null
                value: GET_VAR '$context: kotlin.coroutines.CoroutineContext declared in gaur.himanshu.youtube.imagesearchapp.utils.PagingHelperKt.collectAsLazyPagingItems.<no name provided>.<init>' type=kotlin.coroutines.CoroutineContext origin=null
              SET_FIELD 'FIELD FIELD_FOR_CAPTURED_VALUE name:$lazyPagingItems type:gaur.himanshu.youtube.imagesearchapp.utils.LazyPagingItems<T of gaur.himanshu.youtube.imagesearchapp.utils.PagingHelperKt.collectAsLazyPagingItems> visibility:public/*package*/ [final] declared in gaur.himanshu.youtube.imagesearchapp.utils.PagingHelperKt.collectAsLazyPagingItems.<no name provided>' type=kotlin.Unit origin=INITIALIZER_OF_FIELD_FOR_CAPTURED_VALUE
                receiver: GET_VAR '<this>: gaur.himanshu.youtube.imagesearchapp.utils.PagingHelperKt.collectAsLazyPagingItems.<no name provided> declared in gaur.himanshu.youtube.imagesearchapp.utils.PagingHelperKt.collectAsLazyPagingItems.<no name provided>' type=gaur.himanshu.youtube.imagesearchapp.utils.PagingHelperKt.collectAsLazyPagingItems.<no name provided> origin=null
                value: GET_VAR '$lazyPagingItems: gaur.himanshu.youtube.imagesearchapp.utils.LazyPagingItems<T of gaur.himanshu.youtube.imagesearchapp.utils.PagingHelperKt.collectAsLazyPagingItems> declared in gaur.himanshu.youtube.imagesearchapp.utils.PagingHelperKt.collectAsLazyPagingItems.<no name provided>.<init>' type=gaur.himanshu.youtube.imagesearchapp.utils.LazyPagingItems<T of gaur.himanshu.youtube.imagesearchapp.utils.PagingHelperKt.collectAsLazyPagingItems> origin=null
              DELEGATING_CONSTRUCTOR_CALL 'public constructor <init> (arity: kotlin.Int, $completion: kotlin.coroutines.Continuation<kotlin.Any?>?) declared in kotlin.coroutines.jvm.internal.SuspendLambda'
                arity: CONST Int type=kotlin.Int value=2
                $completion: GET_VAR '$completion: kotlin.coroutines.Continuation<gaur.himanshu.youtube.imagesearchapp.utils.PagingHelperKt.collectAsLazyPagingItems.<no name provided>>? declared in gaur.himanshu.youtube.imagesearchapp.utils.PagingHelperKt.collectAsLazyPagingItems.<no name provided>.<init>' type=kotlin.coroutines.Continuation<gaur.himanshu.youtube.imagesearchapp.utils.PagingHelperKt.collectAsLazyPagingItems.<no name provided>>? origin=null
              BLOCK type=kotlin.Unit origin=null
          FUN name:invokeSuspend visibility:public modality:FINAL <> ($this:gaur.himanshu.youtube.imagesearchapp.utils.PagingHelperKt.collectAsLazyPagingItems.<no name provided>, $result:kotlin.Result<kotlin.Any?>) returnType:kotlin.Any?
            overridden:
              protected abstract fun invokeSuspend ($result: kotlin.Result<kotlin.Any?>): kotlin.Any? declared in kotlin.coroutines.jvm.internal.SuspendLambda
            $this: VALUE_PARAMETER INSTANCE_RECEIVER name:<this> type:gaur.himanshu.youtube.imagesearchapp.utils.PagingHelperKt.collectAsLazyPagingItems.<no name provided>
            VALUE_PARAMETER name:$result index:0 type:kotlin.Result<kotlin.Any?>
            BLOCK_BODY
              WHEN type=kotlin.Unit origin=IF
                BRANCH
                  if: CALL 'public final fun EQEQ (arg0: kotlin.Any?, arg1: kotlin.Any?): kotlin.Boolean declared in kotlin.internal.ir' type=kotlin.Boolean origin=EQEQ
                    arg0: GET_FIELD 'FIELD FIELD_FOR_CAPTURED_VALUE name:$context type:kotlin.coroutines.CoroutineContext visibility:public/*package*/ [final] declared in gaur.himanshu.youtube.imagesearchapp.utils.PagingHelperKt.collectAsLazyPagingItems.<no name provided>' type=kotlin.coroutines.CoroutineContext origin=null
                      receiver: GET_VAR '<this>: gaur.himanshu.youtube.imagesearchapp.utils.PagingHelperKt.collectAsLazyPagingItems.<no name provided> declared in gaur.himanshu.youtube.imagesearchapp.utils.PagingHelperKt.collectAsLazyPagingItems.<no name provided>.invokeSuspend' type=gaur.himanshu.youtube.imagesearchapp.utils.PagingHelperKt.collectAsLazyPagingItems.<no name provided> origin=null
                    arg1: GET_FIELD 'FIELD FIELD_FOR_OBJECT_INSTANCE name:INSTANCE type:kotlin.coroutines.EmptyCoroutineContext visibility:public [final,static] declared in kotlin.coroutines.EmptyCoroutineContext' type=kotlin.coroutines.EmptyCoroutineContext origin=null
                  then: BLOCK type=kotlin.Unit origin=null
                    CALL 'internal final fun collectLoadState ($completion: kotlin.coroutines.Continuation<kotlin.Unit>): kotlin.Any? [suspend] declared in gaur.himanshu.youtube.imagesearchapp.utils.LazyPagingItems' type=kotlin.Unit origin=null
                      $this: GET_FIELD 'FIELD FIELD_FOR_CAPTURED_VALUE name:$lazyPagingItems type:gaur.himanshu.youtube.imagesearchapp.utils.LazyPagingItems<T of gaur.himanshu.youtube.imagesearchapp.utils.PagingHelperKt.collectAsLazyPagingItems> visibility:public/*package*/ [final] declared in gaur.himanshu.youtube.imagesearchapp.utils.PagingHelperKt.collectAsLazyPagingItems.<no name provided>' type=gaur.himanshu.youtube.imagesearchapp.utils.LazyPagingItems<T of gaur.himanshu.youtube.imagesearchapp.utils.PagingHelperKt.collectAsLazyPagingItems> origin=null
                        receiver: GET_VAR '<this>: gaur.himanshu.youtube.imagesearchapp.utils.PagingHelperKt.collectAsLazyPagingItems.<no name provided> declared in gaur.himanshu.youtube.imagesearchapp.utils.PagingHelperKt.collectAsLazyPagingItems.<no name provided>.invokeSuspend' type=gaur.himanshu.youtube.imagesearchapp.utils.PagingHelperKt.collectAsLazyPagingItems.<no name provided> origin=null
                      $completion: GET_VAR '<this>: gaur.himanshu.youtube.imagesearchapp.utils.PagingHelperKt.collectAsLazyPagingItems.<no name provided> declared in gaur.himanshu.youtube.imagesearchapp.utils.PagingHelperKt.collectAsLazyPagingItems.<no name provided>.invokeSuspend' type=gaur.himanshu.youtube.imagesearchapp.utils.PagingHelperKt.collectAsLazyPagingItems.<no name provided> origin=null
                BRANCH
                  if: CONST Boolean type=kotlin.Boolean value=true
                  then: BLOCK type=kotlin.Unit origin=null
                    CALL 'public final fun withContext <T> (context: kotlin.coroutines.CoroutineContext, block: @[ExtensionFunctionType] kotlin.coroutines.SuspendFunction1<kotlinx.coroutines.CoroutineScope, T of kotlinx.coroutines.BuildersKt.withContext>, $completion: kotlin.coroutines.Continuation<T of kotlinx.coroutines.BuildersKt.withContext>): kotlin.Any? [suspend] declared in kotlinx.coroutines.BuildersKt' type=kotlin.Unit origin=null
                      <T>: kotlin.Unit
                      context: GET_FIELD 'FIELD FIELD_FOR_CAPTURED_VALUE name:$context type:kotlin.coroutines.CoroutineContext visibility:public/*package*/ [final] declared in gaur.himanshu.youtube.imagesearchapp.utils.PagingHelperKt.collectAsLazyPagingItems.<no name provided>' type=kotlin.coroutines.CoroutineContext origin=null
                        receiver: GET_VAR '<this>: gaur.himanshu.youtube.imagesearchapp.utils.PagingHelperKt.collectAsLazyPagingItems.<no name provided> declared in gaur.himanshu.youtube.imagesearchapp.utils.PagingHelperKt.collectAsLazyPagingItems.<no name provided>.invokeSuspend' type=gaur.himanshu.youtube.imagesearchapp.utils.PagingHelperKt.collectAsLazyPagingItems.<no name provided> origin=null
                      block: BLOCK type=gaur.himanshu.youtube.imagesearchapp.utils.PagingHelperKt.collectAsLazyPagingItems.<no name provided>.invokeSuspend.<no name provided> origin=null
                        CLASS SUSPEND_LAMBDA CLASS name:<no name provided> modality:FINAL visibility:public/*package*/ superTypes:[kotlin.coroutines.jvm.internal.SuspendLambda; kotlin.jvm.functions.Function2<kotlinx.coroutines.CoroutineScope, kotlin.coroutines.Continuation<kotlin.Unit>?, kotlin.Any?>]
                          $this: VALUE_PARAMETER INSTANCE_RECEIVER name:<this> type:gaur.himanshu.youtube.imagesearchapp.utils.PagingHelperKt.collectAsLazyPagingItems.<no name provided>.invokeSuspend.<no name provided>
                          FIELD name:label type:kotlin.Int visibility:public/*package*/
                          CONSTRUCTOR SUSPEND_LAMBDA visibility:public/*package*/ <> ($lazyPagingItems:gaur.himanshu.youtube.imagesearchapp.utils.LazyPagingItems<T of gaur.himanshu.youtube.imagesearchapp.utils.PagingHelperKt.collectAsLazyPagingItems>, $completion:kotlin.coroutines.Continuation<gaur.himanshu.youtube.imagesearchapp.utils.PagingHelperKt.collectAsLazyPagingItems.<no name provided>.invokeSuspend.<no name provided>>?) returnType:gaur.himanshu.youtube.imagesearchapp.utils.PagingHelperKt.collectAsLazyPagingItems.<no name provided>.invokeSuspend.<no name provided> [primary]
                            VALUE_PARAMETER BOUND_VALUE_PARAMETER name:$lazyPagingItems index:0 type:gaur.himanshu.youtube.imagesearchapp.utils.LazyPagingItems<T of gaur.himanshu.youtube.imagesearchapp.utils.PagingHelperKt.collectAsLazyPagingItems>
                            VALUE_PARAMETER name:$completion index:1 type:kotlin.coroutines.Continuation<gaur.himanshu.youtube.imagesearchapp.utils.PagingHelperKt.collectAsLazyPagingItems.<no name provided>.invokeSuspend.<no name provided>>?
                            BLOCK_BODY
                              SET_FIELD 'FIELD FIELD_FOR_CAPTURED_VALUE name:$lazyPagingItems type:gaur.himanshu.youtube.imagesearchapp.utils.LazyPagingItems<T of gaur.himanshu.youtube.imagesearchapp.utils.PagingHelperKt.collectAsLazyPagingItems> visibility:public/*package*/ [final] declared in gaur.himanshu.youtube.imagesearchapp.utils.PagingHelperKt.collectAsLazyPagingItems.<no name provided>.invokeSuspend.<no name provided>' type=kotlin.Unit origin=INITIALIZER_OF_FIELD_FOR_CAPTURED_VALUE
                                receiver: GET_VAR '<this>: gaur.himanshu.youtube.imagesearchapp.utils.PagingHelperKt.collectAsLazyPagingItems.<no name provided>.invokeSuspend.<no name provided> declared in gaur.himanshu.youtube.imagesearchapp.utils.PagingHelperKt.collectAsLazyPagingItems.<no name provided>.invokeSuspend.<no name provided>' type=gaur.himanshu.youtube.imagesearchapp.utils.PagingHelperKt.collectAsLazyPagingItems.<no name provided>.invokeSuspend.<no name provided> origin=null
                                value: GET_VAR '$lazyPagingItems: gaur.himanshu.youtube.imagesearchapp.utils.LazyPagingItems<T of gaur.himanshu.youtube.imagesearchapp.utils.PagingHelperKt.collectAsLazyPagingItems> declared in gaur.himanshu.youtube.imagesearchapp.utils.PagingHelperKt.collectAsLazyPagingItems.<no name provided>.invokeSuspend.<no name provided>.<init>' type=gaur.himanshu.youtube.imagesearchapp.utils.LazyPagingItems<T of gaur.himanshu.youtube.imagesearchapp.utils.PagingHelperKt.collectAsLazyPagingItems> origin=null
                              DELEGATING_CONSTRUCTOR_CALL 'public constructor <init> (arity: kotlin.Int, $completion: kotlin.coroutines.Continuation<kotlin.Any?>?) declared in kotlin.coroutines.jvm.internal.SuspendLambda'
                                arity: CONST Int type=kotlin.Int value=2
                                $completion: GET_VAR '$completion: kotlin.coroutines.Continuation<gaur.himanshu.youtube.imagesearchapp.utils.PagingHelperKt.collectAsLazyPagingItems.<no name provided>.invokeSuspend.<no name provided>>? declared in gaur.himanshu.youtube.imagesearchapp.utils.PagingHelperKt.collectAsLazyPagingItems.<no name provided>.invokeSuspend.<no name provided>.<init>' type=kotlin.coroutines.Continuation<gaur.himanshu.youtube.imagesearchapp.utils.PagingHelperKt.collectAsLazyPagingItems.<no name provided>.invokeSuspend.<no name provided>>? origin=null
                              BLOCK type=kotlin.Unit origin=null
                          FUN name:invokeSuspend visibility:public modality:FINAL <> ($this:gaur.himanshu.youtube.imagesearchapp.utils.PagingHelperKt.collectAsLazyPagingItems.<no name provided>.invokeSuspend.<no name provided>, $result:kotlin.Result<kotlin.Any?>) returnType:kotlin.Any?
                            overridden:
                              protected abstract fun invokeSuspend ($result: kotlin.Result<kotlin.Any?>): kotlin.Any? declared in kotlin.coroutines.jvm.internal.SuspendLambda
                            $this: VALUE_PARAMETER INSTANCE_RECEIVER name:<this> type:gaur.himanshu.youtube.imagesearchapp.utils.PagingHelperKt.collectAsLazyPagingItems.<no name provided>.invokeSuspend.<no name provided>
                            VALUE_PARAMETER name:$result index:0 type:kotlin.Result<kotlin.Any?>
                            BLOCK_BODY
                              CALL 'internal final fun collectLoadState ($completion: kotlin.coroutines.Continuation<kotlin.Unit>): kotlin.Any? [suspend] declared in gaur.himanshu.youtube.imagesearchapp.utils.LazyPagingItems' type=kotlin.Unit origin=null
                                $this: GET_FIELD 'FIELD FIELD_FOR_CAPTURED_VALUE name:$lazyPagingItems type:gaur.himanshu.youtube.imagesearchapp.utils.LazyPagingItems<T of gaur.himanshu.youtube.imagesearchapp.utils.PagingHelperKt.collectAsLazyPagingItems> visibility:public/*package*/ [final] declared in gaur.himanshu.youtube.imagesearchapp.utils.PagingHelperKt.collectAsLazyPagingItems.<no name provided>.invokeSuspend.<no name provided>' type=gaur.himanshu.youtube.imagesearchapp.utils.LazyPagingItems<T of gaur.himanshu.youtube.imagesearchapp.utils.PagingHelperKt.collectAsLazyPagingItems> origin=null
                                  receiver: GET_VAR '<this>: gaur.himanshu.youtube.imagesearchapp.utils.PagingHelperKt.collectAsLazyPagingItems.<no name provided>.invokeSuspend.<no name provided> declared in gaur.himanshu.youtube.imagesearchapp.utils.PagingHelperKt.collectAsLazyPagingItems.<no name provided>.invokeSuspend.<no name provided>.invokeSuspend' type=gaur.himanshu.youtube.imagesearchapp.utils.PagingHelperKt.collectAsLazyPagingItems.<no name provided>.invokeSuspend.<no name provided> origin=null
                                $completion: GET_VAR '<this>: gaur.himanshu.youtube.imagesearchapp.utils.PagingHelperKt.collectAsLazyPagingItems.<no name provided>.invokeSuspend.<no name provided> declared in gaur.himanshu.youtube.imagesearchapp.utils.PagingHelperKt.collectAsLazyPagingItems.<no name provided>.invokeSuspend.<no name provided>.invokeSuspend' type=gaur.himanshu.youtube.imagesearchapp.utils.PagingHelperKt.collectAsLazyPagingItems.<no name provided>.invokeSuspend.<no name provided> origin=null
                          FUN name:create visibility:public modality:FINAL <> ($this:gaur.himanshu.youtube.imagesearchapp.utils.PagingHelperKt.collectAsLazyPagingItems.<no name provided>.invokeSuspend.<no name provided>, value:kotlin.Any?, $completion:kotlin.coroutines.Continuation<kotlin.Nothing>) returnType:kotlin.coroutines.Continuation<kotlin.Unit>
                            overridden:
                              public open fun create (value: kotlin.Any?, $completion: kotlin.coroutines.Continuation<kotlin.Nothing>): kotlin.coroutines.Continuation<kotlin.Unit> declared in kotlin.coroutines.jvm.internal.SuspendLambda
                            $this: VALUE_PARAMETER INSTANCE_RECEIVER name:<this> type:gaur.himanshu.youtube.imagesearchapp.utils.PagingHelperKt.collectAsLazyPagingItems.<no name provided>.invokeSuspend.<no name provided>
                            VALUE_PARAMETER name:value index:0 type:kotlin.Any?
                            VALUE_PARAMETER name:$completion index:1 type:kotlin.coroutines.Continuation<kotlin.Nothing>
                            BLOCK_BODY
                              RETURN type=kotlin.Nothing from='public final fun create (value: kotlin.Any?, $completion: kotlin.coroutines.Continuation<kotlin.Nothing>): kotlin.coroutines.Continuation<kotlin.Unit> declared in gaur.himanshu.youtube.imagesearchapp.utils.PagingHelperKt.collectAsLazyPagingItems.<no name provided>.invokeSuspend.<no name provided>'
                                CONSTRUCTOR_CALL 'public/*package*/ constructor <init> ($lazyPagingItems: gaur.himanshu.youtube.imagesearchapp.utils.LazyPagingItems<T of gaur.himanshu.youtube.imagesearchapp.utils.PagingHelperKt.collectAsLazyPagingItems>, $completion: kotlin.coroutines.Continuation<gaur.himanshu.youtube.imagesearchapp.utils.PagingHelperKt.collectAsLazyPagingItems.<no name provided>.invokeSuspend.<no name provided>>?) [primary] declared in gaur.himanshu.youtube.imagesearchapp.utils.PagingHelperKt.collectAsLazyPagingItems.<no name provided>.invokeSuspend.<no name provided>' type=gaur.himanshu.youtube.imagesearchapp.utils.PagingHelperKt.collectAsLazyPagingItems.<no name provided>.invokeSuspend.<no name provided> origin=null
                                  $lazyPagingItems: GET_FIELD 'FIELD FIELD_FOR_CAPTURED_VALUE name:$lazyPagingItems type:gaur.himanshu.youtube.imagesearchapp.utils.LazyPagingItems<T of gaur.himanshu.youtube.imagesearchapp.utils.PagingHelperKt.collectAsLazyPagingItems> visibility:public/*package*/ [final] declared in gaur.himanshu.youtube.imagesearchapp.utils.PagingHelperKt.collectAsLazyPagingItems.<no name provided>.invokeSuspend.<no name provided>' type=gaur.himanshu.youtube.imagesearchapp.utils.LazyPagingItems<T of gaur.himanshu.youtube.imagesearchapp.utils.PagingHelperKt.collectAsLazyPagingItems> origin=null
                                    receiver: GET_VAR '<this>: gaur.himanshu.youtube.imagesearchapp.utils.PagingHelperKt.collectAsLazyPagingItems.<no name provided>.invokeSuspend.<no name provided> declared in gaur.himanshu.youtube.imagesearchapp.utils.PagingHelperKt.collectAsLazyPagingItems.<no name provided>.invokeSuspend.<no name provided>.create' type=gaur.himanshu.youtube.imagesearchapp.utils.PagingHelperKt.collectAsLazyPagingItems.<no name provided>.invokeSuspend.<no name provided> origin=null
                                  $completion: GET_VAR '$completion: kotlin.coroutines.Continuation<kotlin.Nothing> declared in gaur.himanshu.youtube.imagesearchapp.utils.PagingHelperKt.collectAsLazyPagingItems.<no name provided>.invokeSuspend.<no name provided>.create' type=kotlin.coroutines.Continuation<kotlin.Nothing> origin=null
                          FUN name:invoke visibility:public modality:FINAL <> ($this:gaur.himanshu.youtube.imagesearchapp.utils.PagingHelperKt.collectAsLazyPagingItems.<no name provided>.invokeSuspend.<no name provided>, p1:kotlinx.coroutines.CoroutineScope, p2:kotlin.coroutines.Continuation<kotlin.Unit>?) returnType:kotlin.Any?
                            overridden:
                              public abstract fun invoke (p1: P1 of kotlin.jvm.functions.Function2, p2: P2 of kotlin.jvm.functions.Function2): R of kotlin.jvm.functions.Function2 declared in kotlin.jvm.functions.Function2
                            $this: VALUE_PARAMETER INSTANCE_RECEIVER name:<this> type:gaur.himanshu.youtube.imagesearchapp.utils.PagingHelperKt.collectAsLazyPagingItems.<no name provided>.invokeSuspend.<no name provided>
                            VALUE_PARAMETER name:p1 index:0 type:kotlinx.coroutines.CoroutineScope
                            VALUE_PARAMETER name:p2 index:1 type:kotlin.coroutines.Continuation<kotlin.Unit>?
                            BLOCK_BODY
                              RETURN type=kotlin.Nothing from='public final fun invoke (p1: kotlinx.coroutines.CoroutineScope, p2: kotlin.coroutines.Continuation<kotlin.Unit>?): kotlin.Any? declared in gaur.himanshu.youtube.imagesearchapp.utils.PagingHelperKt.collectAsLazyPagingItems.<no name provided>.invokeSuspend.<no name provided>'
                                CALL 'public final fun invokeSuspend ($result: kotlin.Result<kotlin.Any?>): kotlin.Any? declared in gaur.himanshu.youtube.imagesearchapp.utils.PagingHelperKt.collectAsLazyPagingItems.<no name provided>.invokeSuspend.<no name provided>' type=kotlin.Any? origin=null
                                  $this: TYPE_OP type=gaur.himanshu.youtube.imagesearchapp.utils.PagingHelperKt.collectAsLazyPagingItems.<no name provided>.invokeSuspend.<no name provided> origin=IMPLICIT_CAST typeOperand=gaur.himanshu.youtube.imagesearchapp.utils.PagingHelperKt.collectAsLazyPagingItems.<no name provided>.invokeSuspend.<no name provided>
                                    CALL 'public final fun create (value: kotlin.Any?, $completion: kotlin.coroutines.Continuation<kotlin.Nothing>): kotlin.coroutines.Continuation<kotlin.Unit> declared in gaur.himanshu.youtube.imagesearchapp.utils.PagingHelperKt.collectAsLazyPagingItems.<no name provided>.invokeSuspend.<no name provided>' type=kotlin.coroutines.Continuation<kotlin.Unit> origin=null
                                      $this: GET_VAR '<this>: gaur.himanshu.youtube.imagesearchapp.utils.PagingHelperKt.collectAsLazyPagingItems.<no name provided>.invokeSuspend.<no name provided> declared in gaur.himanshu.youtube.imagesearchapp.utils.PagingHelperKt.collectAsLazyPagingItems.<no name provided>.invokeSuspend.<no name provided>.invoke' type=gaur.himanshu.youtube.imagesearchapp.utils.PagingHelperKt.collectAsLazyPagingItems.<no name provided>.invokeSuspend.<no name provided> origin=null
                                      value: GET_VAR 'p1: kotlinx.coroutines.CoroutineScope declared in gaur.himanshu.youtube.imagesearchapp.utils.PagingHelperKt.collectAsLazyPagingItems.<no name provided>.invokeSuspend.<no name provided>.invoke' type=kotlinx.coroutines.CoroutineScope origin=null
                                      $completion: GET_VAR 'p2: kotlin.coroutines.Continuation<kotlin.Unit>? declared in gaur.himanshu.youtube.imagesearchapp.utils.PagingHelperKt.collectAsLazyPagingItems.<no name provided>.invokeSuspend.<no name provided>.invoke' type=kotlin.coroutines.Continuation<kotlin.Unit>? origin=null
                                  $result: CALL 'public final fun <unsafe-coerce> <T, R> (v: T of kotlin.jvm.internal.<unsafe-coerce>): R of kotlin.jvm.internal.<unsafe-coerce> declared in kotlin.jvm.internal' type=kotlin.Result<kotlin.Any?> origin=null
                                    <T>: kotlin.Any?
                                    <R>: kotlin.Result<kotlin.Any?>
                                    v: GET_FIELD 'FIELD FIELD_FOR_OBJECT_INSTANCE name:INSTANCE type:kotlin.Unit visibility:public [final,static] declared in kotlin.Unit' type=kotlin.Unit origin=null
                          FIELD FIELD_FOR_CAPTURED_VALUE name:$lazyPagingItems type:gaur.himanshu.youtube.imagesearchapp.utils.LazyPagingItems<T of gaur.himanshu.youtube.imagesearchapp.utils.PagingHelperKt.collectAsLazyPagingItems> visibility:public/*package*/ [final]
                          FUN BRIDGE name:invoke visibility:public modality:OPEN <> ($this:gaur.himanshu.youtube.imagesearchapp.utils.PagingHelperKt.collectAsLazyPagingItems.<no name provided>.invokeSuspend.<no name provided>, p1:kotlin.Any?, p2:kotlin.Any?) returnType:kotlin.Any?
                            $this: VALUE_PARAMETER INSTANCE_RECEIVER name:<this> type:gaur.himanshu.youtube.imagesearchapp.utils.PagingHelperKt.collectAsLazyPagingItems.<no name provided>.invokeSuspend.<no name provided>
                            VALUE_PARAMETER BRIDGE name:p1 index:0 type:kotlin.Any?
                            VALUE_PARAMETER BRIDGE name:p2 index:1 type:kotlin.Any?
                            EXPRESSION_BODY
                              RETURN type=kotlin.Nothing from='public open fun invoke (p1: kotlin.Any?, p2: kotlin.Any?): kotlin.Any? declared in gaur.himanshu.youtube.imagesearchapp.utils.PagingHelperKt.collectAsLazyPagingItems.<no name provided>.invokeSuspend.<no name provided>'
                                CALL 'public final fun invoke (p1: kotlinx.coroutines.CoroutineScope, p2: kotlin.coroutines.Continuation<kotlin.Unit>?): kotlin.Any? declared in gaur.himanshu.youtube.imagesearchapp.utils.PagingHelperKt.collectAsLazyPagingItems.<no name provided>.invokeSuspend.<no name provided>' type=kotlin.Any? origin=BRIDGE_DELEGATION
                                  $this: GET_VAR '<this>: gaur.himanshu.youtube.imagesearchapp.utils.PagingHelperKt.collectAsLazyPagingItems.<no name provided>.invokeSuspend.<no name provided> declared in gaur.himanshu.youtube.imagesearchapp.utils.PagingHelperKt.collectAsLazyPagingItems.<no name provided>.invokeSuspend.<no name provided>.invoke' type=gaur.himanshu.youtube.imagesearchapp.utils.PagingHelperKt.collectAsLazyPagingItems.<no name provided>.invokeSuspend.<no name provided> origin=null
                                  p1: TYPE_OP type=kotlinx.coroutines.CoroutineScope origin=IMPLICIT_CAST typeOperand=kotlinx.coroutines.CoroutineScope
                                    GET_VAR 'p1: kotlin.Any? declared in gaur.himanshu.youtube.imagesearchapp.utils.PagingHelperKt.collectAsLazyPagingItems.<no name provided>.invokeSuspend.<no name provided>.invoke' type=kotlin.Any? origin=null
                                  p2: TYPE_OP type=kotlin.coroutines.Continuation<*> origin=IMPLICIT_CAST typeOperand=kotlin.coroutines.Continuation<*>
                                    GET_VAR 'p2: kotlin.Any? declared in gaur.himanshu.youtube.imagesearchapp.utils.PagingHelperKt.collectAsLazyPagingItems.<no name provided>.invokeSuspend.<no name provided>.invoke' type=kotlin.Any? origin=null
                        CONSTRUCTOR_CALL 'public/*package*/ constructor <init> ($lazyPagingItems: gaur.himanshu.youtube.imagesearchapp.utils.LazyPagingItems<T of gaur.himanshu.youtube.imagesearchapp.utils.PagingHelperKt.collectAsLazyPagingItems>, $completion: kotlin.coroutines.Continuation<gaur.himanshu.youtube.imagesearchapp.utils.PagingHelperKt.collectAsLazyPagingItems.<no name provided>.invokeSuspend.<no name provided>>?) [primary] declared in gaur.himanshu.youtube.imagesearchapp.utils.PagingHelperKt.collectAsLazyPagingItems.<no name provided>.invokeSuspend.<no name provided>' type=gaur.himanshu.youtube.imagesearchapp.utils.PagingHelperKt.collectAsLazyPagingItems.<no name provided>.invokeSuspend.<no name provided> origin=null
                          $lazyPagingItems: GET_FIELD 'FIELD FIELD_FOR_CAPTURED_VALUE name:$lazyPagingItems type:gaur.himanshu.youtube.imagesearchapp.utils.LazyPagingItems<T of gaur.himanshu.youtube.imagesearchapp.utils.PagingHelperKt.collectAsLazyPagingItems> visibility:public/*package*/ [final] declared in gaur.himanshu.youtube.imagesearchapp.utils.PagingHelperKt.collectAsLazyPagingItems.<no name provided>' type=gaur.himanshu.youtube.imagesearchapp.utils.LazyPagingItems<T of gaur.himanshu.youtube.imagesearchapp.utils.PagingHelperKt.collectAsLazyPagingItems> origin=null
                            receiver: GET_VAR '<this>: gaur.himanshu.youtube.imagesearchapp.utils.PagingHelperKt.collectAsLazyPagingItems.<no name provided> declared in gaur.himanshu.youtube.imagesearchapp.utils.PagingHelperKt.collectAsLazyPagingItems.<no name provided>.invokeSuspend' type=gaur.himanshu.youtube.imagesearchapp.utils.PagingHelperKt.collectAsLazyPagingItems.<no name provided> origin=null
                          $completion: CONST Null type=kotlin.Nothing? value=null
                      $completion: GET_VAR '<this>: gaur.himanshu.youtube.imagesearchapp.utils.PagingHelperKt.collectAsLazyPagingItems.<no name provided> declared in gaur.himanshu.youtube.imagesearchapp.utils.PagingHelperKt.collectAsLazyPagingItems.<no name provided>.invokeSuspend' type=gaur.himanshu.youtube.imagesearchapp.utils.PagingHelperKt.collectAsLazyPagingItems.<no name provided> origin=null
          FUN name:create visibility:public modality:FINAL <> ($this:gaur.himanshu.youtube.imagesearchapp.utils.PagingHelperKt.collectAsLazyPagingItems.<no name provided>, value:kotlin.Any?, $completion:kotlin.coroutines.Continuation<kotlin.Nothing>) returnType:kotlin.coroutines.Continuation<kotlin.Unit>
            overridden:
              public open fun create (value: kotlin.Any?, $completion: kotlin.coroutines.Continuation<kotlin.Nothing>): kotlin.coroutines.Continuation<kotlin.Unit> declared in kotlin.coroutines.jvm.internal.SuspendLambda
            $this: VALUE_PARAMETER INSTANCE_RECEIVER name:<this> type:gaur.himanshu.youtube.imagesearchapp.utils.PagingHelperKt.collectAsLazyPagingItems.<no name provided>
            VALUE_PARAMETER name:value index:0 type:kotlin.Any?
            VALUE_PARAMETER name:$completion index:1 type:kotlin.coroutines.Continuation<kotlin.Nothing>
            BLOCK_BODY
              RETURN type=kotlin.Nothing from='public final fun create (value: kotlin.Any?, $completion: kotlin.coroutines.Continuation<kotlin.Nothing>): kotlin.coroutines.Continuation<kotlin.Unit> declared in gaur.himanshu.youtube.imagesearchapp.utils.PagingHelperKt.collectAsLazyPagingItems.<no name provided>'
                CONSTRUCTOR_CALL 'public/*package*/ constructor <init> ($context: kotlin.coroutines.CoroutineContext, $lazyPagingItems: gaur.himanshu.youtube.imagesearchapp.utils.LazyPagingItems<T of gaur.himanshu.youtube.imagesearchapp.utils.PagingHelperKt.collectAsLazyPagingItems>, $completion: kotlin.coroutines.Continuation<gaur.himanshu.youtube.imagesearchapp.utils.PagingHelperKt.collectAsLazyPagingItems.<no name provided>>?) [primary] declared in gaur.himanshu.youtube.imagesearchapp.utils.PagingHelperKt.collectAsLazyPagingItems.<no name provided>' type=gaur.himanshu.youtube.imagesearchapp.utils.PagingHelperKt.collectAsLazyPagingItems.<no name provided> origin=null
                  $context: GET_FIELD 'FIELD FIELD_FOR_CAPTURED_VALUE name:$context type:kotlin.coroutines.CoroutineContext visibility:public/*package*/ [final] declared in gaur.himanshu.youtube.imagesearchapp.utils.PagingHelperKt.collectAsLazyPagingItems.<no name provided>' type=kotlin.coroutines.CoroutineContext origin=null
                    receiver: GET_VAR '<this>: gaur.himanshu.youtube.imagesearchapp.utils.PagingHelperKt.collectAsLazyPagingItems.<no name provided> declared in gaur.himanshu.youtube.imagesearchapp.utils.PagingHelperKt.collectAsLazyPagingItems.<no name provided>.create' type=gaur.himanshu.youtube.imagesearchapp.utils.PagingHelperKt.collectAsLazyPagingItems.<no name provided> origin=null
                  $lazyPagingItems: GET_FIELD 'FIELD FIELD_FOR_CAPTURED_VALUE name:$lazyPagingItems type:gaur.himanshu.youtube.imagesearchapp.utils.LazyPagingItems<T of gaur.himanshu.youtube.imagesearchapp.utils.PagingHelperKt.collectAsLazyPagingItems> visibility:public/*package*/ [final] declared in gaur.himanshu.youtube.imagesearchapp.utils.PagingHelperKt.collectAsLazyPagingItems.<no name provided>' type=gaur.himanshu.youtube.imagesearchapp.utils.LazyPagingItems<T of gaur.himanshu.youtube.imagesearchapp.utils.PagingHelperKt.collectAsLazyPagingItems> origin=null
                    receiver: GET_VAR '<this>: gaur.himanshu.youtube.imagesearchapp.utils.PagingHelperKt.collectAsLazyPagingItems.<no name provided> declared in gaur.himanshu.youtube.imagesearchapp.utils.PagingHelperKt.collectAsLazyPagingItems.<no name provided>.create' type=gaur.himanshu.youtube.imagesearchapp.utils.PagingHelperKt.collectAsLazyPagingItems.<no name provided> origin=null
                  $completion: GET_VAR '$completion: kotlin.coroutines.Continuation<kotlin.Nothing> declared in gaur.himanshu.youtube.imagesearchapp.utils.PagingHelperKt.collectAsLazyPagingItems.<no name provided>.create' type=kotlin.coroutines.Continuation<kotlin.Nothing> origin=null
          FUN name:invoke visibility:public modality:FINAL <> ($this:gaur.himanshu.youtube.imagesearchapp.utils.PagingHelperKt.collectAsLazyPagingItems.<no name provided>, p1:kotlinx.coroutines.CoroutineScope, p2:kotlin.coroutines.Continuation<kotlin.Unit>?) returnType:kotlin.Any?
            overridden:
              public abstract fun invoke (p1: P1 of kotlin.jvm.functions.Function2, p2: P2 of kotlin.jvm.functions.Function2): R of kotlin.jvm.functions.Function2 declared in kotlin.jvm.functions.Function2
            $this: VALUE_PARAMETER INSTANCE_RECEIVER name:<this> type:gaur.himanshu.youtube.imagesearchapp.utils.PagingHelperKt.collectAsLazyPagingItems.<no name provided>
            VALUE_PARAMETER name:p1 index:0 type:kotlinx.coroutines.CoroutineScope
            VALUE_PARAMETER name:p2 index:1 type:kotlin.coroutines.Continuation<kotlin.Unit>?
            BLOCK_BODY
              RETURN type=kotlin.Nothing from='public final fun invoke (p1: kotlinx.coroutines.CoroutineScope, p2: kotlin.coroutines.Continuation<kotlin.Unit>?): kotlin.Any? declared in gaur.himanshu.youtube.imagesearchapp.utils.PagingHelperKt.collectAsLazyPagingItems.<no name provided>'
                CALL 'public final fun invokeSuspend ($result: kotlin.Result<kotlin.Any?>): kotlin.Any? declared in gaur.himanshu.youtube.imagesearchapp.utils.PagingHelperKt.collectAsLazyPagingItems.<no name provided>' type=kotlin.Any? origin=null
                  $this: TYPE_OP type=gaur.himanshu.youtube.imagesearchapp.utils.PagingHelperKt.collectAsLazyPagingItems.<no name provided> origin=IMPLICIT_CAST typeOperand=gaur.himanshu.youtube.imagesearchapp.utils.PagingHelperKt.collectAsLazyPagingItems.<no name provided>
                    CALL 'public final fun create (value: kotlin.Any?, $completion: kotlin.coroutines.Continuation<kotlin.Nothing>): kotlin.coroutines.Continuation<kotlin.Unit> declared in gaur.himanshu.youtube.imagesearchapp.utils.PagingHelperKt.collectAsLazyPagingItems.<no name provided>' type=kotlin.coroutines.Continuation<kotlin.Unit> origin=null
                      $this: GET_VAR '<this>: gaur.himanshu.youtube.imagesearchapp.utils.PagingHelperKt.collectAsLazyPagingItems.<no name provided> declared in gaur.himanshu.youtube.imagesearchapp.utils.PagingHelperKt.collectAsLazyPagingItems.<no name provided>.invoke' type=gaur.himanshu.youtube.imagesearchapp.utils.PagingHelperKt.collectAsLazyPagingItems.<no name provided> origin=null
                      value: GET_VAR 'p1: kotlinx.coroutines.CoroutineScope declared in gaur.himanshu.youtube.imagesearchapp.utils.PagingHelperKt.collectAsLazyPagingItems.<no name provided>.invoke' type=kotlinx.coroutines.CoroutineScope origin=null
                      $completion: GET_VAR 'p2: kotlin.coroutines.Continuation<kotlin.Unit>? declared in gaur.himanshu.youtube.imagesearchapp.utils.PagingHelperKt.collectAsLazyPagingItems.<no name provided>.invoke' type=kotlin.coroutines.Continuation<kotlin.Unit>? origin=null
                  $result: CALL 'public final fun <unsafe-coerce> <T, R> (v: T of kotlin.jvm.internal.<unsafe-coerce>): R of kotlin.jvm.internal.<unsafe-coerce> declared in kotlin.jvm.internal' type=kotlin.Result<kotlin.Any?> origin=null
                    <T>: kotlin.Any?
                    <R>: kotlin.Result<kotlin.Any?>
                    v: GET_FIELD 'FIELD FIELD_FOR_OBJECT_INSTANCE name:INSTANCE type:kotlin.Unit visibility:public [final,static] declared in kotlin.Unit' type=kotlin.Unit origin=null
          FIELD FIELD_FOR_CAPTURED_VALUE name:$context type:kotlin.coroutines.CoroutineContext visibility:public/*package*/ [final]
          FIELD FIELD_FOR_CAPTURED_VALUE name:$lazyPagingItems type:gaur.himanshu.youtube.imagesearchapp.utils.LazyPagingItems<T of gaur.himanshu.youtube.imagesearchapp.utils.PagingHelperKt.collectAsLazyPagingItems> visibility:public/*package*/ [final]
          FUN BRIDGE name:invoke visibility:public modality:OPEN <> ($this:gaur.himanshu.youtube.imagesearchapp.utils.PagingHelperKt.collectAsLazyPagingItems.<no name provided>, p1:kotlin.Any?, p2:kotlin.Any?) returnType:kotlin.Any?
            $this: VALUE_PARAMETER INSTANCE_RECEIVER name:<this> type:gaur.himanshu.youtube.imagesearchapp.utils.PagingHelperKt.collectAsLazyPagingItems.<no name provided>
            VALUE_PARAMETER BRIDGE name:p1 index:0 type:kotlin.Any?
            VALUE_PARAMETER BRIDGE name:p2 index:1 type:kotlin.Any?
            EXPRESSION_BODY
              RETURN type=kotlin.Nothing from='public open fun invoke (p1: kotlin.Any?, p2: kotlin.Any?): kotlin.Any? declared in gaur.himanshu.youtube.imagesearchapp.utils.PagingHelperKt.collectAsLazyPagingItems.<no name provided>'
                CALL 'public final fun invoke (p1: kotlinx.coroutines.CoroutineScope, p2: kotlin.coroutines.Continuation<kotlin.Unit>?): kotlin.Any? declared in gaur.himanshu.youtube.imagesearchapp.utils.PagingHelperKt.collectAsLazyPagingItems.<no name provided>' type=kotlin.Any? origin=BRIDGE_DELEGATION
                  $this: GET_VAR '<this>: gaur.himanshu.youtube.imagesearchapp.utils.PagingHelperKt.collectAsLazyPagingItems.<no name provided> declared in gaur.himanshu.youtube.imagesearchapp.utils.PagingHelperKt.collectAsLazyPagingItems.<no name provided>.invoke' type=gaur.himanshu.youtube.imagesearchapp.utils.PagingHelperKt.collectAsLazyPagingItems.<no name provided> origin=null
                  p1: TYPE_OP type=kotlinx.coroutines.CoroutineScope origin=IMPLICIT_CAST typeOperand=kotlinx.coroutines.CoroutineScope
                    GET_VAR 'p1: kotlin.Any? declared in gaur.himanshu.youtube.imagesearchapp.utils.PagingHelperKt.collectAsLazyPagingItems.<no name provided>.invoke' type=kotlin.Any? origin=null
                  p2: TYPE_OP type=kotlin.coroutines.Continuation<*> origin=IMPLICIT_CAST typeOperand=kotlin.coroutines.Continuation<*>
                    GET_VAR 'p2: kotlin.Any? declared in gaur.himanshu.youtube.imagesearchapp.utils.PagingHelperKt.collectAsLazyPagingItems.<no name provided>.invoke' type=kotlin.Any? origin=null
        CONSTRUCTOR_CALL 'public/*package*/ constructor <init> ($context: kotlin.coroutines.CoroutineContext, $lazyPagingItems: gaur.himanshu.youtube.imagesearchapp.utils.LazyPagingItems<T of gaur.himanshu.youtube.imagesearchapp.utils.PagingHelperKt.collectAsLazyPagingItems>, $completion: kotlin.coroutines.Continuation<gaur.himanshu.youtube.imagesearchapp.utils.PagingHelperKt.collectAsLazyPagingItems.<no name provided>>?) [primary] declared in gaur.himanshu.youtube.imagesearchapp.utils.PagingHelperKt.collectAsLazyPagingItems.<no name provided>' type=gaur.himanshu.youtube.imagesearchapp.utils.PagingHelperKt.collectAsLazyPagingItems.<no name provided> origin=null
          $context: GET_VAR 'context: kotlin.coroutines.CoroutineContext declared in gaur.himanshu.youtube.imagesearchapp.utils.PagingHelperKt.collectAsLazyPagingItems' type=kotlin.coroutines.CoroutineContext origin=null
          $lazyPagingItems: GET_VAR 'val lazyPagingItems: gaur.himanshu.youtube.imagesearchapp.utils.LazyPagingItems<T of gaur.himanshu.youtube.imagesearchapp.utils.PagingHelperKt.collectAsLazyPagingItems> [val] declared in gaur.himanshu.youtube.imagesearchapp.utils.PagingHelperKt.collectAsLazyPagingItems' type=gaur.himanshu.youtube.imagesearchapp.utils.LazyPagingItems<T of gaur.himanshu.youtube.imagesearchapp.utils.PagingHelperKt.collectAsLazyPagingItems> origin=null
          $completion: CONST Null type=kotlin.Nothing? value=null
    RETURN type=kotlin.Nothing from='public final fun collectAsLazyPagingItems <T> (context: kotlin.coroutines.CoroutineContext): gaur.himanshu.youtube.imagesearchapp.utils.LazyPagingItems<T of gaur.himanshu.youtube.imagesearchapp.utils.PagingHelperKt.collectAsLazyPagingItems> declared in gaur.himanshu.youtube.imagesearchapp.utils.PagingHelperKt'
      GET_VAR 'val lazyPagingItems: gaur.himanshu.youtube.imagesearchapp.utils.LazyPagingItems<T of gaur.himanshu.youtube.imagesearchapp.utils.PagingHelperKt.collectAsLazyPagingItems> [val] declared in gaur.himanshu.youtube.imagesearchapp.utils.PagingHelperKt.collectAsLazyPagingItems' type=gaur.himanshu.youtube.imagesearchapp.utils.LazyPagingItems<T of gaur.himanshu.youtube.imagesearchapp.utils.PagingHelperKt.collectAsLazyPagingItems> origin=null

	at org.jetbrains.kotlin.backend.jvm.codegen.FunctionCodegen.generate(FunctionCodegen.kt:48)
	at org.jetbrains.kotlin.backend.jvm.codegen.FunctionCodegen.generate$default(FunctionCodegen.kt:41)
	at org.jetbrains.kotlin.backend.jvm.codegen.ClassCodegen.generateMethodNode(ClassCodegen.kt:407)
	at org.jetbrains.kotlin.backend.jvm.codegen.ClassCodegen.generateMethod(ClassCodegen.kt:424)
	at org.jetbrains.kotlin.backend.jvm.codegen.ClassCodegen.generate(ClassCodegen.kt:169)
	at org.jetbrains.kotlin.backend.jvm.FileCodegen.lower(JvmPhases.kt:39)
	at org.jetbrains.kotlin.backend.common.phaser.PhaseFactoriesKt.createFilePhase$lambda$4(PhaseFactories.kt:71)
	at org.jetbrains.kotlin.backend.common.phaser.PhaseBuildersKt$createSimpleNamedCompilerPhase$1.phaseBody(PhaseBuilders.kt:69)
	at org.jetbrains.kotlin.backend.common.phaser.SimpleNamedCompilerPhase.phaseBody(CompilerPhase.kt:226)
	at org.jetbrains.kotlin.backend.common.phaser.AbstractNamedCompilerPhase.invoke(CompilerPhase.kt:113)
	at org.jetbrains.kotlin.backend.common.phaser.PerformByIrFilePhase.invokeSequential(performByIrFile.kt:52)
	... 45 more
Caused by: org.jetbrains.kotlin.codegen.CompilationException: Back-end (JVM) Internal error: Couldn't inline method call: CALL 'public final fun remember <T> (key1: kotlin.Any?, calculation: @[DisallowComposableCalls] kotlin.Function0<T of androidx.compose.runtime.ComposablesKt.remember>): T of androidx.compose.runtime.ComposablesKt.remember [inline] declared in androidx.compose.runtime.ComposablesKt' type=gaur.himanshu.youtube.imagesearchapp.utils.LazyPagingItems<T of gaur.himanshu.youtube.imagesearchapp.utils.PagingHelperKt.collectAsLazyPagingItems> origin=null
Method: null
File is unknown
The root cause java.lang.IllegalStateException was thrown at: org.jetbrains.kotlin.codegen.inline.SourceCompilerForInlineKt.getMethodNode(SourceCompilerForInline.kt:118)
	at org.jetbrains.kotlin.codegen.inline.InlineCodegen.performInline(InlineCodegen.kt:65)
	at org.jetbrains.kotlin.backend.jvm.codegen.IrInlineCodegen.genInlineCall(IrInlineCodegen.kt:163)
	at org.jetbrains.kotlin.backend.jvm.codegen.IrInlineCallGenerator.genCall(IrInlineCallGenerator.kt:36)
	at org.jetbrains.kotlin.backend.jvm.codegen.ExpressionCodegen.visitCall(ExpressionCodegen.kt:598)
	at org.jetbrains.kotlin.backend.jvm.codegen.ExpressionCodegen.visitCall(ExpressionCodegen.kt:134)
	at org.jetbrains.kotlin.ir.expressions.IrCall.accept(IrCall.kt:24)
	at org.jetbrains.kotlin.backend.jvm.codegen.ExpressionCodegen.visitVariable(ExpressionCodegen.kt:735)
	at org.jetbrains.kotlin.backend.jvm.codegen.ExpressionCodegen.visitVariable(ExpressionCodegen.kt:134)
	at org.jetbrains.kotlin.ir.declarations.IrVariable.accept(IrVariable.kt:36)
	at org.jetbrains.kotlin.backend.jvm.codegen.ExpressionCodegen.visitStatementContainer(ExpressionCodegen.kt:524)
	at org.jetbrains.kotlin.backend.jvm.codegen.ExpressionCodegen.visitBlockBody(ExpressionCodegen.kt:529)
	at org.jetbrains.kotlin.backend.jvm.codegen.ExpressionCodegen.visitBlockBody(ExpressionCodegen.kt:134)
	at org.jetbrains.kotlin.ir.expressions.IrBlockBody.accept(IrBlockBody.kt:20)
	at org.jetbrains.kotlin.backend.jvm.codegen.ExpressionCodegen.generate(ExpressionCodegen.kt:236)
	at org.jetbrains.kotlin.backend.jvm.codegen.FunctionCodegen.doGenerate(FunctionCodegen.kt:124)
	at org.jetbrains.kotlin.backend.jvm.codegen.FunctionCodegen.generate(FunctionCodegen.kt:45)
	... 55 more
Caused by: java.lang.IllegalStateException: couldn't find inline method Landroidx/compose/runtime/ComposablesKt;.remember(Ljava/lang/Object;Lkotlin/jvm/functions/Function0;)Ljava/lang/Object;
	at org.jetbrains.kotlin.codegen.inline.SourceCompilerForInlineKt.getMethodNode(SourceCompilerForInline.kt:118)
	at org.jetbrains.kotlin.codegen.inline.SourceCompilerForInlineKt.loadCompiledInlineFunction(SourceCompilerForInline.kt:96)
	at org.jetbrains.kotlin.backend.jvm.codegen.IrSourceCompilerForInline.compileInlineFunction(IrSourceCompilerForInline.kt:91)
	at org.jetbrains.kotlin.codegen.inline.InlineCodegen.compileInline(InlineCodegen.kt:43)
	at org.jetbrains.kotlin.codegen.inline.InlineCodegen.performInline(InlineCodegen.kt:51)
	... 70 more


